TN:
SF:/mnt/d/desktop/ringbuffer/ringbuffer.c
FN:12,ringbuffer_init
FNDA:2,ringbuffer_init
FN:21,ringbuffer_add
FNDA:7,ringbuffer_add
FN:32,ringbuffer_remove
FNDA:3,ringbuffer_remove
FN:43,ringbuffer_is_full
FNDA:9,ringbuffer_is_full
FN:48,ringbuffer_is_empty
FNDA:6,ringbuffer_is_empty
FN:53,ringbuffer_size
FNDA:0,ringbuffer_size
DA:12,2
DA:13,2
DA:14,2
DA:15,2
DA:16,2
DA:17,2
DA:18,2
DA:21,7
DA:22,7
DA:23,1
DA:25,6
DA:26,6
DA:27,6
DA:28,6
DA:32,3
DA:33,3
DA:34,0
DA:36,3
DA:37,3
DA:38,3
DA:39,3
DA:43,9
DA:44,9
DA:48,6
DA:49,6
DA:53,0
DA:54,0
end_of_record
TN:
SF:/usr/include/c++/11/ext/type_traits.h
FN:152,_ZN9__gnu_cxx17__is_null_pointerIKcEEbPT_
FNDA:30,_ZN9__gnu_cxx17__is_null_pointerIKcEEbPT_
DA:152,30
DA:153,30
end_of_record
SF:/mnt/d/desktop/ringbuffer/build/_deps/googletest-src/googletest/include/gtest/gtest-message.h
end_of_record
SF:/usr/include/c++/11/bits/char_traits.h
FN:106,_ZN9__gnu_cxx11char_traitsIcE2eqERKcS3_
FNDA:0,_ZN9__gnu_cxx11char_traitsIcE2eqERKcS3_
FN:167,_ZN9__gnu_cxx11char_traitsIcE6lengthEPKc
FNDA:0,_ZN9__gnu_cxx11char_traitsIcE6lengthEPKc
FN:393,_ZNSt11char_traitsIcE6lengthEPKc
FNDA:22,_ZNSt11char_traitsIcE6lengthEPKc
FN:429,_ZNSt11char_traitsIcE4copyEPcPKcm
FNDA:0,_ZNSt11char_traitsIcE4copyEPcPKcm
DA:106,0
DA:107,0
DA:167,0
DA:170,0
DA:171,0
DA:172,0
DA:173,0
DA:290,22
DA:393,22
DA:396,22
DA:397,0
DA:399,22
DA:429,0
DA:431,0
DA:432,0
DA:437,0
end_of_record
SF:/usr/include/c++/11/bits/move.h
FN:104,_ZSt4moveIRPNSt7__cxx1112basic_stringIcSt11char_traitsIcESaIcEEEEONSt16remove_referenceIT_E4typeEOS9_
FNDA:0,_ZSt4moveIRPNSt7__cxx1112basic_stringIcSt11char_traitsIcESaIcEEEEONSt16remove_referenceIT_E4typeEOS9_
FN:104,_ZSt4moveIRPNSt7__cxx1118basic_stringstreamIcSt11char_traitsIcESaIcEEEEONSt16remove_referenceIT_E4typeEOS9_
FNDA:58,_ZSt4moveIRPNSt7__cxx1118basic_stringstreamIcSt11char_traitsIcESaIcEEEEONSt16remove_referenceIT_E4typeEOS9_
FN:104,_ZSt4moveIRSaIcEEONSt16remove_referenceIT_E4typeEOS3_
FNDA:0,_ZSt4moveIRSaIcEEONSt16remove_referenceIT_E4typeEOS3_
FN:104,_ZSt4moveIRNSt7__cxx1112basic_stringIcSt11char_traitsIcESaIcEEEEONSt16remove_referenceIT_E4typeEOS8_
FNDA:62,_ZSt4moveIRNSt7__cxx1112basic_stringIcSt11char_traitsIcESaIcEEEEONSt16remove_referenceIT_E4typeEOS8_
DA:104,0
DA:105,0
DA:104,58
DA:105,58
DA:104,0
DA:105,0
DA:104,62
DA:105,62
end_of_record
SF:/usr/include/c++/11/bits/unique_ptr.h
FN:79,_ZNKSt14default_deleteINSt7__cxx1112basic_stringIcSt11char_traitsIcESaIcEEEEclEPS5_
FNDA:0,_ZNKSt14default_deleteINSt7__cxx1112basic_stringIcSt11char_traitsIcESaIcEEEEclEPS5_
FN:79,_ZNKSt14default_deleteINSt7__cxx1118basic_stringstreamIcSt11char_traitsIcESaIcEEEEclEPS5_
FNDA:58,_ZNKSt14default_deleteINSt7__cxx1118basic_stringstreamIcSt11char_traitsIcESaIcEEEEclEPS5_
FN:154,_ZNSt15__uniq_ptr_implINSt7__cxx1112basic_stringIcSt11char_traitsIcESaIcEEESt14default_deleteIS5_EEC2Ev
FNDA:18,_ZNSt15__uniq_ptr_implINSt7__cxx1112basic_stringIcSt11char_traitsIcESaIcEEESt14default_deleteIS5_EEC2Ev
FN:172,_ZNSt15__uniq_ptr_implINSt7__cxx1112basic_stringIcSt11char_traitsIcESaIcEEESt14default_deleteIS5_EE6_M_ptrEv
FNDA:18,_ZNSt15__uniq_ptr_implINSt7__cxx1112basic_stringIcSt11char_traitsIcESaIcEEESt14default_deleteIS5_EE6_M_ptrEv
FN:172,_ZNSt15__uniq_ptr_implINSt7__cxx1118basic_stringstreamIcSt11char_traitsIcESaIcEEESt14default_deleteIS5_EE6_M_ptrEv
FNDA:116,_ZNSt15__uniq_ptr_implINSt7__cxx1118basic_stringstreamIcSt11char_traitsIcESaIcEEESt14default_deleteIS5_EE6_M_ptrEv
FN:173,_ZNKSt15__uniq_ptr_implINSt7__cxx1112basic_stringIcSt11char_traitsIcESaIcEEESt14default_deleteIS5_EE6_M_ptrEv
FNDA:0,_ZNKSt15__uniq_ptr_implINSt7__cxx1112basic_stringIcSt11char_traitsIcESaIcEEESt14default_deleteIS5_EE6_M_ptrEv
FN:174,_ZNSt15__uniq_ptr_implINSt7__cxx1118basic_stringstreamIcSt11char_traitsIcESaIcEEESt14default_deleteIS5_EE10_M_deleterEv
FNDA:58,_ZNSt15__uniq_ptr_implINSt7__cxx1118basic_stringstreamIcSt11char_traitsIcESaIcEEESt14default_deleteIS5_EE10_M_deleterEv
FN:174,_ZNSt15__uniq_ptr_implINSt7__cxx1112basic_stringIcSt11char_traitsIcESaIcEEESt14default_deleteIS5_EE10_M_deleterEv
FNDA:0,_ZNSt15__uniq_ptr_implINSt7__cxx1112basic_stringIcSt11char_traitsIcESaIcEEESt14default_deleteIS5_EE10_M_deleterEv
FN:269,_ZNSt10unique_ptrINSt7__cxx1112basic_stringIcSt11char_traitsIcESaIcEEESt14default_deleteIS5_EEC2IS7_vEEv
FNDA:18,_ZNSt10unique_ptrINSt7__cxx1112basic_stringIcSt11char_traitsIcESaIcEEESt14default_deleteIS5_EEC2IS7_vEEv
FN:355,_ZNSt10unique_ptrINSt7__cxx1118basic_stringstreamIcSt11char_traitsIcESaIcEEESt14default_deleteIS5_EED2Ev
FNDA:58,_ZNSt10unique_ptrINSt7__cxx1118basic_stringstreamIcSt11char_traitsIcESaIcEEESt14default_deleteIS5_EED2Ev
FN:355,_ZNSt10unique_ptrINSt7__cxx1112basic_stringIcSt11char_traitsIcESaIcEEESt14default_deleteIS5_EED2Ev
FNDA:18,_ZNSt10unique_ptrINSt7__cxx1112basic_stringIcSt11char_traitsIcESaIcEEESt14default_deleteIS5_EED2Ev
FN:413,_ZNKSt10unique_ptrINSt7__cxx1112basic_stringIcSt11char_traitsIcESaIcEEESt14default_deleteIS5_EEptEv
FNDA:0,_ZNKSt10unique_ptrINSt7__cxx1112basic_stringIcSt11char_traitsIcESaIcEEESt14default_deleteIS5_EEptEv
FN:421,_ZNKSt10unique_ptrINSt7__cxx1112basic_stringIcSt11char_traitsIcESaIcEEESt14default_deleteIS5_EE3getEv
FNDA:0,_ZNKSt10unique_ptrINSt7__cxx1112basic_stringIcSt11char_traitsIcESaIcEEESt14default_deleteIS5_EE3getEv
FN:426,_ZNSt10unique_ptrINSt7__cxx1118basic_stringstreamIcSt11char_traitsIcESaIcEEESt14default_deleteIS5_EE11get_deleterEv
FNDA:58,_ZNSt10unique_ptrINSt7__cxx1118basic_stringstreamIcSt11char_traitsIcESaIcEEESt14default_deleteIS5_EE11get_deleterEv
FN:426,_ZNSt10unique_ptrINSt7__cxx1112basic_stringIcSt11char_traitsIcESaIcEEESt14default_deleteIS5_EE11get_deleterEv
FNDA:0,_ZNSt10unique_ptrINSt7__cxx1112basic_stringIcSt11char_traitsIcESaIcEEESt14default_deleteIS5_EE11get_deleterEv
FN:435,_ZNKSt10unique_ptrINSt7__cxx1112basic_stringIcSt11char_traitsIcESaIcEEESt14default_deleteIS5_EEcvbEv
FNDA:0,_ZNKSt10unique_ptrINSt7__cxx1112basic_stringIcSt11char_traitsIcESaIcEEESt14default_deleteIS5_EEcvbEv
FN:781,_ZStneINSt7__cxx1112basic_stringIcSt11char_traitsIcESaIcEEESt14default_deleteIS5_EEbRKSt10unique_ptrIT_T0_EDn
FNDA:0,_ZStneINSt7__cxx1112basic_stringIcSt11char_traitsIcESaIcEEESt14default_deleteIS5_EEbRKSt10unique_ptrIT_T0_EDn
DA:79,0
DA:85,0
DA:86,0
DA:79,58
DA:85,58
DA:86,58
DA:154,18
DA:172,18
DA:172,116
DA:173,0
DA:174,58
DA:174,0
DA:269,18
DA:270,18
DA:271,18
DA:355,18
DA:359,18
DA:360,18
DA:361,0
DA:362,18
DA:363,18
DA:355,58
DA:359,58
DA:360,58
DA:361,58
DA:362,58
DA:363,58
DA:413,0
DA:416,0
DA:421,0
DA:422,0
DA:426,0
DA:427,0
DA:426,58
DA:427,58
DA:435,0
DA:436,0
DA:781,0
DA:782,0
end_of_record
SF:/mnt/d/desktop/ringbuffer/build/_deps/googletest-src/googletest/include/gtest/gtest.h
FN:255,_ZN7testing4Test14SetUpTestSuiteEv
FNDA:0,_ZN7testing4Test14SetUpTestSuiteEv
FN:263,_ZN7testing4Test17TearDownTestSuiteEv
FNDA:0,_ZN7testing4Test17TearDownTestSuiteEv
FN:268,_ZN7testing4Test16TearDownTestCaseEv
FNDA:0,_ZN7testing4Test16TearDownTestCaseEv
FN:269,_ZN7testing4Test13SetUpTestCaseEv
FNDA:0,_ZN7testing4Test13SetUpTestCaseEv
FN:356,_ZN7testing4Test5SetupEv
FNDA:0,_ZN7testing4Test5SetupEv
FN:1374,_ZN7testing8internal18CmpHelperEQFailureIiiEENS_15AssertionResultEPKcS4_RKT_RKT0_
FNDA:0,_ZN7testing8internal18CmpHelperEQFailureIiiEENS_15AssertionResultEPKcS4_RKT_RKT0_
FN:1391,_ZN7testing8internal11CmpHelperEQIiiEENS_15AssertionResultEPKcS4_RKT_RKT0_
FNDA:16,_ZN7testing8internal11CmpHelperEQIiiEENS_15AssertionResultEPKcS4_RKT_RKT0_
FN:1410,_ZN7testing8internal8EqHelper7CompareIiiLPv0EEENS_15AssertionResultEPKcS6_RKT_RKT0_
FNDA:16,_ZN7testing8internal8EqHelper7CompareIiiLPv0EEENS_15AssertionResultEPKcS6_RKT_RKT0_
DA:255,0
DA:263,0
DA:268,0
DA:269,0
DA:356,0
DA:1374,0
DA:1379,0
DA:1391,16
DA:1394,16
DA:1395,16
DA:1398,0
DA:1410,16
DA:1413,16
end_of_record
SF:/usr/include/c++/11/ext/new_allocator.h
FN:79,_ZN9__gnu_cxx13new_allocatorIcEC2Ev
FNDA:0,_ZN9__gnu_cxx13new_allocatorIcEC2Ev
FN:89,_ZN9__gnu_cxx13new_allocatorIcED2Ev
FNDA:0,_ZN9__gnu_cxx13new_allocatorIcED2Ev
DA:79,0
DA:89,0
end_of_record
SF:/mnt/d/desktop/ringbuffer/build/_deps/googletest-src/googletest/include/gtest/internal/gtest-port.h
FN:1037,_ZN7testing8internal8GTestLog9GetStreamEv
FNDA:0,_ZN7testing8internal8GTestLog9GetStreamEv
DA:1037,0
end_of_record
SF:/mnt/d/desktop/ringbuffer/build/_deps/googletest-src/googletest/include/gtest/gtest-printers.h
FN:252,_ZN7testing8internal52internal_stream_operator_without_lexical_name_lookup13StreamPrinter10PrintValueIivEEDTcvvlsdefp0_fp_ERKT_PSo
FNDA:0,_ZN7testing8internal52internal_stream_operator_without_lexical_name_lookup13StreamPrinter10PrintValueIivEEDTcvvlsdefp0_fp_ERKT_PSo
FN:356,_ZN7testing8internal17PrintWithFallbackIiEEvRKT_PSo
FNDA:0,_ZN7testing8internal17PrintWithFallbackIiEEvRKT_PSo
FN:387,_ZN7testing8internal19FormatForComparisonIiiE6FormatB5cxx11ERKi
FNDA:0,_ZN7testing8internal19FormatForComparisonIiiE6FormatB5cxx11ERKi
FN:467,_ZN7testing8internal33FormatForComparisonFailureMessageIiiEENSt7__cxx1112basic_stringIcSt11char_traitsIcESaIcEEERKT_RKT0_
FNDA:0,_ZN7testing8internal33FormatForComparisonFailureMessageIiiEENSt7__cxx1112basic_stringIcSt11char_traitsIcESaIcEEERKT_RKT0_
FN:494,_ZN7testing8internal7PrintToIiEEvRKT_PSo
FNDA:0,_ZN7testing8internal7PrintToIiEEvRKT_PSo
FN:901,_ZN7testing8internal16UniversalPrinterIiE5PrintERKiPSo
FNDA:0,_ZN7testing8internal16UniversalPrinterIiE5PrintERKiPSo
FN:1070,_ZN7testing8internal21UniversalTersePrinterIiE5PrintERKiPSo
FNDA:0,_ZN7testing8internal21UniversalTersePrinterIiE5PrintERKiPSo
FN:1189,_ZN7testing8internal14UniversalPrintIiEEvRKT_PSo
FNDA:0,_ZN7testing8internal14UniversalPrintIiEEvRKT_PSo
FN:1229,_ZN7testing13PrintToStringIiEENSt7__cxx1112basic_stringIcSt11char_traitsIcESaIcEEERKT_
FNDA:0,_ZN7testing13PrintToStringIiEENSt7__cxx1112basic_stringIcSt11char_traitsIcESaIcEEERKT_
DA:252,0
DA:256,0
DA:257,0
DA:356,0
DA:366,0
DA:367,0
DA:387,0
DA:388,0
DA:467,0
DA:469,0
DA:494,0
DA:495,0
DA:496,0
DA:901,0
DA:910,0
DA:911,0
DA:1070,0
DA:1071,0
DA:1072,0
DA:1189,0
DA:1193,0
DA:1194,0
DA:1229,0
DA:1230,0
DA:1231,0
DA:1232,0
DA:1233,0
end_of_record
SF:/usr/include/c++/11/bits/basic_string.tcc
FN:206,_ZNSt7__cxx1112basic_stringIcSt11char_traitsIcESaIcEE12_M_constructIPKcEEvT_S8_St20forward_iterator_tag
FNDA:30,_ZNSt7__cxx1112basic_stringIcSt11char_traitsIcESaIcEE12_M_constructIPKcEEvT_S8_St20forward_iterator_tag
DA:206,30
DA:211,30
DA:212,0
DA:215,30
DA:217,30
DA:219,5
DA:220,5
DA:225,30
DA:226,0
DA:228,0
DA:229,0
DA:232,30
DA:233,30
end_of_record
SF:/usr/include/c++/11/iostream
end_of_record
SF:/usr/include/c++/11/tuple
FN:80,_ZNSt10_Head_baseILm1ESt14default_deleteINSt7__cxx1112basic_stringIcSt11char_traitsIcESaIcEEEELb1EEC2Ev
FNDA:18,_ZNSt10_Head_baseILm1ESt14default_deleteINSt7__cxx1112basic_stringIcSt11char_traitsIcESaIcEEEELb1EEC2Ev
FN:124,_ZNSt10_Head_baseILm1ESt14default_deleteINSt7__cxx1118basic_stringstreamIcSt11char_traitsIcESaIcEEEELb1EE7_M_headERS8_
FNDA:58,_ZNSt10_Head_baseILm1ESt14default_deleteINSt7__cxx1118basic_stringstreamIcSt11char_traitsIcESaIcEEEELb1EE7_M_headERS8_
FN:124,_ZNSt10_Head_baseILm1ESt14default_deleteINSt7__cxx1112basic_stringIcSt11char_traitsIcESaIcEEEELb1EE7_M_headERS8_
FNDA:0,_ZNSt10_Head_baseILm1ESt14default_deleteINSt7__cxx1112basic_stringIcSt11char_traitsIcESaIcEEEELb1EE7_M_headERS8_
FN:189,_ZNSt10_Head_baseILm0EPNSt7__cxx1112basic_stringIcSt11char_traitsIcESaIcEEELb0EEC2Ev
FNDA:18,_ZNSt10_Head_baseILm0EPNSt7__cxx1112basic_stringIcSt11char_traitsIcESaIcEEELb0EEC2Ev
FN:233,_ZNSt10_Head_baseILm0EPNSt7__cxx1112basic_stringIcSt11char_traitsIcESaIcEEELb0EE7_M_headERS7_
FNDA:18,_ZNSt10_Head_baseILm0EPNSt7__cxx1112basic_stringIcSt11char_traitsIcESaIcEEELb0EE7_M_headERS7_
FN:233,_ZNSt10_Head_baseILm0EPNSt7__cxx1118basic_stringstreamIcSt11char_traitsIcESaIcEEELb0EE7_M_headERS7_
FNDA:116,_ZNSt10_Head_baseILm0EPNSt7__cxx1118basic_stringstreamIcSt11char_traitsIcESaIcEEELb0EE7_M_headERS7_
FN:236,_ZNSt10_Head_baseILm0EPNSt7__cxx1112basic_stringIcSt11char_traitsIcESaIcEEELb0EE7_M_headERKS7_
FNDA:0,_ZNSt10_Head_baseILm0EPNSt7__cxx1112basic_stringIcSt11char_traitsIcESaIcEEELb0EE7_M_headERKS7_
FN:268,_ZNSt11_Tuple_implILm0EJPNSt7__cxx1118basic_stringstreamIcSt11char_traitsIcESaIcEEESt14default_deleteIS5_EEE7_M_headERS9_
FNDA:116,_ZNSt11_Tuple_implILm0EJPNSt7__cxx1118basic_stringstreamIcSt11char_traitsIcESaIcEEESt14default_deleteIS5_EEE7_M_headERS9_
FN:268,_ZNSt11_Tuple_implILm0EJPNSt7__cxx1112basic_stringIcSt11char_traitsIcESaIcEEESt14default_deleteIS5_EEE7_M_headERS9_
FNDA:18,_ZNSt11_Tuple_implILm0EJPNSt7__cxx1112basic_stringIcSt11char_traitsIcESaIcEEESt14default_deleteIS5_EEE7_M_headERS9_
FN:271,_ZNSt11_Tuple_implILm0EJPNSt7__cxx1112basic_stringIcSt11char_traitsIcESaIcEEESt14default_deleteIS5_EEE7_M_headERKS9_
FNDA:0,_ZNSt11_Tuple_implILm0EJPNSt7__cxx1112basic_stringIcSt11char_traitsIcESaIcEEESt14default_deleteIS5_EEE7_M_headERKS9_
FN:279,_ZNSt11_Tuple_implILm0EJPNSt7__cxx1112basic_stringIcSt11char_traitsIcESaIcEEESt14default_deleteIS5_EEEC2Ev
FNDA:18,_ZNSt11_Tuple_implILm0EJPNSt7__cxx1112basic_stringIcSt11char_traitsIcESaIcEEESt14default_deleteIS5_EEEC2Ev
FN:424,_ZNSt11_Tuple_implILm1EJSt14default_deleteINSt7__cxx1112basic_stringIcSt11char_traitsIcESaIcEEEEEE7_M_headERS8_
FNDA:0,_ZNSt11_Tuple_implILm1EJSt14default_deleteINSt7__cxx1112basic_stringIcSt11char_traitsIcESaIcEEEEEE7_M_headERS8_
FN:424,_ZNSt11_Tuple_implILm1EJSt14default_deleteINSt7__cxx1118basic_stringstreamIcSt11char_traitsIcESaIcEEEEEE7_M_headERS8_
FNDA:58,_ZNSt11_Tuple_implILm1EJSt14default_deleteINSt7__cxx1118basic_stringstreamIcSt11char_traitsIcESaIcEEEEEE7_M_headERS8_
FN:430,_ZNSt11_Tuple_implILm1EJSt14default_deleteINSt7__cxx1112basic_stringIcSt11char_traitsIcESaIcEEEEEEC2Ev
FNDA:18,_ZNSt11_Tuple_implILm1EJSt14default_deleteINSt7__cxx1112basic_stringIcSt11char_traitsIcESaIcEEEEEEC2Ev
FN:1049,_ZNSt5tupleIJPNSt7__cxx1112basic_stringIcSt11char_traitsIcESaIcEEESt14default_deleteIS5_EEEC2ILb1ELb1EEEv
FNDA:18,_ZNSt5tupleIJPNSt7__cxx1112basic_stringIcSt11char_traitsIcESaIcEEESt14default_deleteIS5_EEEC2ILb1ELb1EEEv
FN:1377,_ZSt12__get_helperILm1ESt14default_deleteINSt7__cxx1118basic_stringstreamIcSt11char_traitsIcESaIcEEEEJEERT0_RSt11_Tuple_implIXT_EJS8_DpT1_EE
FNDA:58,_ZSt12__get_helperILm1ESt14default_deleteINSt7__cxx1118basic_stringstreamIcSt11char_traitsIcESaIcEEEEJEERT0_RSt11_Tuple_implIXT_EJS8_DpT1_EE
FN:1377,_ZSt12__get_helperILm1ESt14default_deleteINSt7__cxx1112basic_stringIcSt11char_traitsIcESaIcEEEEJEERT0_RSt11_Tuple_implIXT_EJS8_DpT1_EE
FNDA:0,_ZSt12__get_helperILm1ESt14default_deleteINSt7__cxx1112basic_stringIcSt11char_traitsIcESaIcEEEEJEERT0_RSt11_Tuple_implIXT_EJS8_DpT1_EE
FN:1377,_ZSt12__get_helperILm0EPNSt7__cxx1112basic_stringIcSt11char_traitsIcESaIcEEEJSt14default_deleteIS5_EEERT0_RSt11_Tuple_implIXT_EJS9_DpT1_EE
FNDA:18,_ZSt12__get_helperILm0EPNSt7__cxx1112basic_stringIcSt11char_traitsIcESaIcEEEJSt14default_deleteIS5_EEERT0_RSt11_Tuple_implIXT_EJS9_DpT1_EE
FN:1377,_ZSt12__get_helperILm0EPNSt7__cxx1118basic_stringstreamIcSt11char_traitsIcESaIcEEEJSt14default_deleteIS5_EEERT0_RSt11_Tuple_implIXT_EJS9_DpT1_EE
FNDA:116,_ZSt12__get_helperILm0EPNSt7__cxx1118basic_stringstreamIcSt11char_traitsIcESaIcEEEJSt14default_deleteIS5_EEERT0_RSt11_Tuple_implIXT_EJS9_DpT1_EE
FN:1382,_ZSt12__get_helperILm0EPNSt7__cxx1112basic_stringIcSt11char_traitsIcESaIcEEEJSt14default_deleteIS5_EEERKT0_RKSt11_Tuple_implIXT_EJS9_DpT1_EE
FNDA:0,_ZSt12__get_helperILm0EPNSt7__cxx1112basic_stringIcSt11char_traitsIcESaIcEEEJSt14default_deleteIS5_EEERKT0_RKSt11_Tuple_implIXT_EJS9_DpT1_EE
FN:1393,_ZSt3getILm1EJPNSt7__cxx1118basic_stringstreamIcSt11char_traitsIcESaIcEEESt14default_deleteIS5_EEERNSt13tuple_elementIXT_ESt5tupleIJDpT0_EEE4typeERSD_
FNDA:58,_ZSt3getILm1EJPNSt7__cxx1118basic_stringstreamIcSt11char_traitsIcESaIcEEESt14default_deleteIS5_EEERNSt13tuple_elementIXT_ESt5tupleIJDpT0_EEE4typeERSD_
FN:1393,_ZSt3getILm1EJPNSt7__cxx1112basic_stringIcSt11char_traitsIcESaIcEEESt14default_deleteIS5_EEERNSt13tuple_elementIXT_ESt5tupleIJDpT0_EEE4typeERSD_
FNDA:0,_ZSt3getILm1EJPNSt7__cxx1112basic_stringIcSt11char_traitsIcESaIcEEESt14default_deleteIS5_EEERNSt13tuple_elementIXT_ESt5tupleIJDpT0_EEE4typeERSD_
FN:1393,_ZSt3getILm0EJPNSt7__cxx1112basic_stringIcSt11char_traitsIcESaIcEEESt14default_deleteIS5_EEERNSt13tuple_elementIXT_ESt5tupleIJDpT0_EEE4typeERSD_
FNDA:18,_ZSt3getILm0EJPNSt7__cxx1112basic_stringIcSt11char_traitsIcESaIcEEESt14default_deleteIS5_EEERNSt13tuple_elementIXT_ESt5tupleIJDpT0_EEE4typeERSD_
FN:1393,_ZSt3getILm0EJPNSt7__cxx1118basic_stringstreamIcSt11char_traitsIcESaIcEEESt14default_deleteIS5_EEERNSt13tuple_elementIXT_ESt5tupleIJDpT0_EEE4typeERSD_
FNDA:116,_ZSt3getILm0EJPNSt7__cxx1118basic_stringstreamIcSt11char_traitsIcESaIcEEESt14default_deleteIS5_EEERNSt13tuple_elementIXT_ESt5tupleIJDpT0_EEE4typeERSD_
FN:1399,_ZSt3getILm0EJPNSt7__cxx1112basic_stringIcSt11char_traitsIcESaIcEEESt14default_deleteIS5_EEERKNSt13tuple_elementIXT_ESt5tupleIJDpT0_EEE4typeERKSD_
FNDA:0,_ZSt3getILm0EJPNSt7__cxx1112basic_stringIcSt11char_traitsIcESaIcEEESt14default_deleteIS5_EEERKNSt13tuple_elementIXT_ESt5tupleIJDpT0_EEE4typeERKSD_
DA:80,18
DA:81,18
DA:124,58
DA:124,0
DA:189,18
DA:190,18
DA:233,18
DA:233,116
DA:236,0
DA:268,18
DA:268,116
DA:271,0
DA:279,18
DA:280,18
DA:424,58
DA:424,0
DA:430,18
DA:431,18
DA:1049,18
DA:1051,18
DA:1377,58
DA:1378,58
DA:1377,0
DA:1378,0
DA:1377,18
DA:1378,18
DA:1377,116
DA:1378,116
DA:1382,0
DA:1383,0
DA:1393,58
DA:1394,58
DA:1393,0
DA:1394,0
DA:1393,18
DA:1394,18
DA:1393,116
DA:1394,116
DA:1399,0
DA:1400,0
end_of_record
SF:/mnt/d/desktop/ringbuffer/build/_deps/googletest-src/googletest/include/gtest/internal/gtest-internal.h
FN:429,_ZN7testing8internal15TestFactoryBaseD0Ev
FNDA:0,_ZN7testing8internal15TestFactoryBaseD0Ev
FN:429,_ZN7testing8internal15TestFactoryBaseD2Ev
FNDA:2,_ZN7testing8internal15TestFactoryBaseD2Ev
FN:436,_ZN7testing8internal15TestFactoryBaseC2Ev
FNDA:2,_ZN7testing8internal15TestFactoryBaseC2Ev
FN:448,_ZN7testing8internal15TestFactoryImplI34RingBufferTest_BasicAddRemove_TestE10CreateTestEv
FNDA:1,_ZN7testing8internal15TestFactoryImplI34RingBufferTest_BasicAddRemove_TestE10CreateTestEv
FN:448,_ZN7testing8internal15TestFactoryImplI32RingBufferTest_FullBehavior_TestE10CreateTestEv
FNDA:1,_ZN7testing8internal15TestFactoryImplI32RingBufferTest_FullBehavior_TestE10CreateTestEv
FN:469,_ZN7testing8internal12CodeLocationC2ENSt7__cxx1112basic_stringIcSt11char_traitsIcESaIcEEEi
FNDA:2,_ZN7testing8internal12CodeLocationC2ENSt7__cxx1112basic_stringIcSt11char_traitsIcESaIcEEEi
FN:482,_ZN7testing8internal19GetNotDefaultOrNullEPFvvES2_
FNDA:8,_ZN7testing8internal19GetNotDefaultOrNullEPFvvES2_
FN:497,_ZN7testing8internal16SuiteApiResolverINS_4TestEE19GetSetUpCaseOrSuiteEPKci
FNDA:2,_ZN7testing8internal16SuiteApiResolverINS_4TestEE19GetSetUpCaseOrSuiteEPKci
FN:518,_ZN7testing8internal16SuiteApiResolverINS_4TestEE22GetTearDownCaseOrSuiteEPKci
FNDA:2,_ZN7testing8internal16SuiteApiResolverINS_4TestEE22GetTearDownCaseOrSuiteEPKci
DA:429,0
DA:429,2
DA:436,2
DA:448,1
DA:448,1
DA:469,2
DA:470,2
DA:482,8
DA:484,8
DA:497,2
DA:501,2
DA:503,2
DA:505,2
DA:508,0
DA:510,2
DA:518,2
DA:522,2
DA:524,2
DA:526,2
DA:529,0
DA:531,2
end_of_record
SF:/usr/include/c++/11/bits/stl_iterator_base_funcs.h
FN:98,_ZSt10__distanceIPKcENSt15iterator_traitsIT_E15difference_typeES3_S3_St26random_access_iterator_tag
FNDA:30,_ZSt10__distanceIPKcENSt15iterator_traitsIT_E15difference_typeES3_S3_St26random_access_iterator_tag
FN:138,_ZSt8distanceIPKcENSt15iterator_traitsIT_E15difference_typeES3_S3_
FNDA:30,_ZSt8distanceIPKcENSt15iterator_traitsIT_E15difference_typeES3_S3_
DA:98,30
DA:104,30
DA:138,30
DA:141,30
DA:142,60
end_of_record
SF:/mnt/d/desktop/ringbuffer/build/_deps/googletest-src/googletest/include/gtest/gtest-assertion-result.h
FN:162,_ZN7testing15AssertionResultC2IbEERKT_PNSt9enable_ifIXntsrSt14is_convertibleIS2_S0_E5valueEvE4typeE
FNDA:17,_ZN7testing15AssertionResultC2IbEERKT_PNSt9enable_ifIXntsrSt14is_convertibleIS2_S0_E5valueEvE4typeE
FN:162,_ZN7testing15AssertionResultC2IiEERKT_PNSt9enable_ifIXntsrSt14is_convertibleIS2_S0_E5valueEvE4typeE
FNDA:1,_ZN7testing15AssertionResultC2IiEERKT_PNSt9enable_ifIXntsrSt14is_convertibleIS2_S0_E5valueEvE4typeE
FN:181,_ZNK7testing15AssertionResultcvbEv
FNDA:18,_ZNK7testing15AssertionResultcvbEv
FN:190,_ZNK7testing15AssertionResult7messageEv
FNDA:0,_ZNK7testing15AssertionResult7messageEv
FN:194,_ZNK7testing15AssertionResult15failure_messageEv
FNDA:0,_ZNK7testing15AssertionResult15failure_messageEv
DA:162,17
DA:168,17
DA:162,1
DA:168,1
DA:181,18
DA:190,0
DA:191,0
DA:194,0
end_of_record
SF:/usr/include/c++/11/bits/stl_iterator_base_types.h
FN:238,_ZSt19__iterator_categoryIPKcENSt15iterator_traitsIT_E17iterator_categoryERKS3_
FNDA:30,_ZSt19__iterator_categoryIPKcENSt15iterator_traitsIT_E17iterator_categoryERKS3_
DA:238,30
DA:239,30
end_of_record
SF:/usr/include/c++/11/bits/basic_string.h
FN:533,_ZNSt7__cxx1112basic_stringIcSt11char_traitsIcESaIcEEC2IS3_EEPKcRKS3_
FNDA:22,_ZNSt7__cxx1112basic_stringIcSt11char_traitsIcESaIcEEC2IS3_EEPKcRKS3_
DA:533,22
DA:534,22
DA:536,22
DA:539,22
DA:540,22
end_of_record
SF:/mnt/d/desktop/ringbuffer/tests/test_ringbuffer.cpp
FN:6,_ZN34RingBufferTest_BasicAddRemove_TestC2Ev
FNDA:1,_ZN34RingBufferTest_BasicAddRemove_TestC2Ev
FN:6,_ZN34RingBufferTest_BasicAddRemove_TestD0Ev
FNDA:1,_ZN34RingBufferTest_BasicAddRemove_TestD0Ev
FN:6,_ZN34RingBufferTest_BasicAddRemove_TestD2Ev
FNDA:1,_ZN34RingBufferTest_BasicAddRemove_TestD2Ev
FN:6,_ZN34RingBufferTest_BasicAddRemove_Test8TestBodyEv
FNDA:1,_ZN34RingBufferTest_BasicAddRemove_Test8TestBodyEv
FN:20,_ZN32RingBufferTest_FullBehavior_TestC2Ev
FNDA:1,_ZN32RingBufferTest_FullBehavior_TestC2Ev
FN:20,_ZN32RingBufferTest_FullBehavior_TestD0Ev
FNDA:1,_ZN32RingBufferTest_FullBehavior_TestD0Ev
FN:20,_ZN32RingBufferTest_FullBehavior_TestD2Ev
FNDA:1,_ZN32RingBufferTest_FullBehavior_TestD2Ev
FN:20,_ZN32RingBufferTest_FullBehavior_Test8TestBodyEv
FNDA:1,_ZN32RingBufferTest_FullBehavior_Test8TestBodyEv
DA:6,1
DA:6,1
DA:6,1
DA:6,1
DA:7,1
DA:8,1
DA:9,1
DA:10,1
DA:11,1
DA:13,1
DA:14,1
DA:15,1
DA:16,1
DA:17,1
DA:18,1
DA:20,1
DA:20,1
DA:20,1
DA:20,1
DA:21,1
DA:22,1
DA:23,1
DA:24,1
DA:25,1
DA:26,1
DA:28,1
DA:29,1
DA:30,1
DA:31,1
DA:32,1
end_of_record
TN:
SF:/usr/include/c++/11/bits/vector.tcc
FN:66,_ZNSt6vectorIPcSaIS0_EE7reserveEm
FNDA:0,_ZNSt6vectorIPcSaIS0_EE7reserveEm
FN:66,_ZNSt6vectorINSt7__cxx1112basic_stringIcSt11char_traitsIcESaIcEEESaIS5_EE7reserveEm
FNDA:4,_ZNSt6vectorINSt7__cxx1112basic_stringIcSt11char_traitsIcESaIcEEESaIS5_EE7reserveEm
FN:109,_ZNSt6vectorIiSaIiEE12emplace_backIJiEEERiDpOT_
FNDA:3,_ZNSt6vectorIiSaIiEE12emplace_backIJiEEERiDpOT_
FN:109,_ZNSt6vectorIPcSaIS0_EE12emplace_backIJS0_EEERS0_DpOT_
FNDA:0,_ZNSt6vectorIPcSaIS0_EE12emplace_backIJS0_EEERS0_DpOT_
FN:109,_ZNSt6vectorINSt7__cxx1112basic_stringIcSt11char_traitsIcESaIcEEESaIS5_EE12emplace_backIJS5_EEERS5_DpOT_
FNDA:9,_ZNSt6vectorINSt7__cxx1112basic_stringIcSt11char_traitsIcESaIcEEESaIS5_EE12emplace_backIJS5_EEERS5_DpOT_
FN:109,_ZNSt6vectorImSaImEE12emplace_backIJmEEERmDpOT_
FNDA:0,_ZNSt6vectorImSaImEE12emplace_backIJmEEERmDpOT_
FN:130,_ZNSt6vectorIPN7testing9TestSuiteESaIS2_EE6insertEN9__gnu_cxx17__normal_iteratorIPKS2_S4_EERS7_
FNDA:0,_ZNSt6vectorIPN7testing9TestSuiteESaIS2_EE6insertEN9__gnu_cxx17__normal_iteratorIPKS2_S4_EERS7_
FN:171,_ZNSt6vectorIPN7testing17TestEventListenerESaIS2_EE8_M_eraseEN9__gnu_cxx17__normal_iteratorIPS2_S4_EE
FNDA:0,_ZNSt6vectorIPN7testing17TestEventListenerESaIS2_EE8_M_eraseEN9__gnu_cxx17__normal_iteratorIPS2_S4_EE
FN:340,_ZNSt6vectorINSt7__cxx1112basic_stringIcSt11char_traitsIcESaIcEEESaIS5_EE14_M_insert_rvalEN9__gnu_cxx17__normal_iteratorIPKS5_S7_EEOS5_
FNDA:6,_ZNSt6vectorINSt7__cxx1112basic_stringIcSt11char_traitsIcESaIcEEESaIS5_EE14_M_insert_rvalEN9__gnu_cxx17__normal_iteratorIPKS5_S7_EEOS5_
FN:395,_ZNSt6vectorIPN7testing9TestSuiteESaIS2_EE13_M_insert_auxIS2_EEvN9__gnu_cxx17__normal_iteratorIPS2_S4_EEOT_
FNDA:0,_ZNSt6vectorIPN7testing9TestSuiteESaIS2_EE13_M_insert_auxIS2_EEvN9__gnu_cxx17__normal_iteratorIPS2_S4_EEOT_
FN:395,_ZNSt6vectorINSt7__cxx1112basic_stringIcSt11char_traitsIcESaIcEEESaIS5_EE13_M_insert_auxIS5_EEvN9__gnu_cxx17__normal_iteratorIPS5_S7_EEOT_
FNDA:0,_ZNSt6vectorINSt7__cxx1112basic_stringIcSt11char_traitsIcESaIcEEESaIS5_EE13_M_insert_auxIS5_EEvN9__gnu_cxx17__normal_iteratorIPS5_S7_EEOT_
FN:426,_ZNSt6vectorIPN7testing17TestEventListenerESaIS2_EE17_M_realloc_insertIJRKS2_EEEvN9__gnu_cxx17__normal_iteratorIPS2_S4_EEDpOT_
FNDA:1,_ZNSt6vectorIPN7testing17TestEventListenerESaIS2_EE17_M_realloc_insertIJRKS2_EEEvN9__gnu_cxx17__normal_iteratorIPS2_S4_EEDpOT_
FN:426,_ZNSt6vectorIPN7testing11EnvironmentESaIS2_EE17_M_realloc_insertIJRKS2_EEEvN9__gnu_cxx17__normal_iteratorIPS2_S4_EEDpOT_
FNDA:0,_ZNSt6vectorIPN7testing11EnvironmentESaIS2_EE17_M_realloc_insertIJRKS2_EEEvN9__gnu_cxx17__normal_iteratorIPS2_S4_EEDpOT_
FN:426,_ZNSt6vectorIPN7testing8TestInfoESaIS2_EE17_M_realloc_insertIJRKS2_EEEvN9__gnu_cxx17__normal_iteratorIPS2_S4_EEDpOT_
FNDA:2,_ZNSt6vectorIPN7testing8TestInfoESaIS2_EE17_M_realloc_insertIJRKS2_EEEvN9__gnu_cxx17__normal_iteratorIPS2_S4_EEDpOT_
FN:426,_ZNSt6vectorIN7testing12TestPropertyESaIS1_EE17_M_realloc_insertIJRKS1_EEEvN9__gnu_cxx17__normal_iteratorIPS1_S3_EEDpOT_
FNDA:0,_ZNSt6vectorIN7testing12TestPropertyESaIS1_EE17_M_realloc_insertIJRKS1_EEEvN9__gnu_cxx17__normal_iteratorIPS1_S3_EEDpOT_
FN:426,_ZNSt6vectorIPcSaIS0_EE17_M_realloc_insertIJS0_EEEvN9__gnu_cxx17__normal_iteratorIPS0_S2_EEDpOT_
FNDA:0,_ZNSt6vectorIPcSaIS0_EE17_M_realloc_insertIJS0_EEEvN9__gnu_cxx17__normal_iteratorIPS0_S2_EEDpOT_
FN:426,_ZNSt6vectorIN7testing8internal13edit_distance8EditTypeESaIS3_EE17_M_realloc_insertIJRKS3_EEEvN9__gnu_cxx17__normal_iteratorIPS3_S5_EEDpOT_
FNDA:0,_ZNSt6vectorIN7testing8internal13edit_distance8EditTypeESaIS3_EE17_M_realloc_insertIJRKS3_EEEvN9__gnu_cxx17__normal_iteratorIPS3_S5_EEDpOT_
FN:426,_ZNSt6vectorINSt7__cxx1112basic_stringIcSt11char_traitsIcESaIcEEESaIS5_EE17_M_realloc_insertIJS5_EEEvN9__gnu_cxx17__normal_iteratorIPS5_S7_EEDpOT_
FNDA:9,_ZNSt6vectorINSt7__cxx1112basic_stringIcSt11char_traitsIcESaIcEEESaIS5_EE17_M_realloc_insertIJS5_EEEvN9__gnu_cxx17__normal_iteratorIPS5_S7_EEDpOT_
FN:426,_ZNSt6vectorIN7testing14TestPartResultESaIS1_EE17_M_realloc_insertIJRKS1_EEEvN9__gnu_cxx17__normal_iteratorIPS1_S3_EEDpOT_
FNDA:0,_ZNSt6vectorIN7testing14TestPartResultESaIS1_EE17_M_realloc_insertIJRKS1_EEEvN9__gnu_cxx17__normal_iteratorIPS1_S3_EEDpOT_
FN:426,_ZNSt6vectorINSt7__cxx1112basic_stringIcSt11char_traitsIcESaIcEEESaIS5_EE17_M_realloc_insertIJRKS5_EEEvN9__gnu_cxx17__normal_iteratorIPS5_S7_EEDpOT_
FNDA:0,_ZNSt6vectorINSt7__cxx1112basic_stringIcSt11char_traitsIcESaIcEEESaIS5_EE17_M_realloc_insertIJRKS5_EEEvN9__gnu_cxx17__normal_iteratorIPS5_S7_EEDpOT_
FN:426,_ZNSt6vectorImSaImEE17_M_realloc_insertIJmEEEvN9__gnu_cxx17__normal_iteratorIPmS1_EEDpOT_
FNDA:0,_ZNSt6vectorImSaImEE17_M_realloc_insertIJmEEEvN9__gnu_cxx17__normal_iteratorIPmS1_EEDpOT_
FN:426,_ZNSt6vectorIN7testing8internal9TraceInfoESaIS2_EE17_M_realloc_insertIJRKS2_EEEvN9__gnu_cxx17__normal_iteratorIPS2_S4_EEDpOT_
FNDA:0,_ZNSt6vectorIN7testing8internal9TraceInfoESaIS2_EE17_M_realloc_insertIJRKS2_EEEvN9__gnu_cxx17__normal_iteratorIPS2_S4_EEDpOT_
FN:426,_ZNSt6vectorIiSaIiEE17_M_realloc_insertIJiEEEvN9__gnu_cxx17__normal_iteratorIPiS1_EEDpOT_
FNDA:3,_ZNSt6vectorIiSaIiEE17_M_realloc_insertIJiEEEvN9__gnu_cxx17__normal_iteratorIPiS1_EEDpOT_
FN:426,_ZNSt6vectorIPN7testing9TestSuiteESaIS2_EE17_M_realloc_insertIJRKS2_EEEvN9__gnu_cxx17__normal_iteratorIPS2_S4_EEDpOT_
FNDA:1,_ZNSt6vectorIPN7testing9TestSuiteESaIS2_EE17_M_realloc_insertIJRKS2_EEEvN9__gnu_cxx17__normal_iteratorIPS2_S4_EEDpOT_
DA:66,4
DA:69,4
DA:70,0
DA:71,4
DA:73,4
DA:78,4
DA:79,4
DA:80,4
DA:92,4
DA:93,4
DA:94,4
DA:95,4
DA:96,4
DA:97,4
DA:99,4
DA:66,0
DA:69,0
DA:70,0
DA:71,0
DA:73,0
DA:78,0
DA:79,0
DA:80,0
DA:92,0
DA:93,0
DA:94,0
DA:95,0
DA:96,0
DA:97,0
DA:99,0
DA:109,3
DA:112,3
DA:115,0
DA:117,0
DA:121,3
DA:123,3
DA:109,0
DA:112,0
DA:115,0
DA:117,0
DA:121,0
DA:123,0
DA:109,9
DA:112,9
DA:115,0
DA:117,0
DA:121,9
DA:123,9
DA:109,0
DA:112,0
DA:115,0
DA:117,0
DA:121,0
DA:123,0
DA:130,0
DA:137,0
DA:138,0
DA:139,0
DA:142,0
DA:144,0
DA:150,0
DA:153,0
DA:154,0
DA:158,0
DA:161,0
DA:166,0
DA:171,0
DA:174,0
DA:175,0
DA:176,0
DA:177,0
DA:179,0
DA:340,6
DA:343,6
DA:344,6
DA:345,6
DA:348,6
DA:349,6
DA:350,6
DA:354,0
DA:356,0
DA:358,6
DA:395,0
DA:405,0
DA:406,0
DA:407,0
DA:412,0
DA:418,0
DA:420,0
DA:395,0
DA:405,0
DA:406,0
DA:407,0
DA:412,0
DA:418,0
DA:420,0
DA:426,3
DA:436,3
DA:437,3
DA:438,3
DA:439,3
DA:440,3
DA:441,3
DA:449,3
DA:450,3
DA:456,3
DA:461,3
DA:462,3
DA:464,3
DA:466,3
DA:467,3
DA:500,3
DA:501,3
DA:502,3
DA:503,3
DA:504,3
DA:505,3
DA:426,0
DA:436,0
DA:437,0
DA:438,0
DA:439,0
DA:440,0
DA:441,0
DA:449,0
DA:450,0
DA:456,0
DA:461,0
DA:462,0
DA:464,0
DA:466,0
DA:467,0
DA:500,0
DA:501,0
DA:502,0
DA:503,0
DA:504,0
DA:505,0
DA:426,9
DA:436,9
DA:437,9
DA:438,9
DA:439,9
DA:440,9
DA:441,9
DA:449,9
DA:450,9
DA:456,9
DA:461,9
DA:462,9
DA:464,9
DA:466,9
DA:467,9
DA:500,9
DA:501,9
DA:502,9
DA:503,9
DA:504,9
DA:505,9
DA:426,0
DA:436,0
DA:437,0
DA:438,0
DA:439,0
DA:440,0
DA:441,0
DA:449,0
DA:450,0
DA:456,0
DA:461,0
DA:462,0
DA:464,0
DA:466,0
DA:467,0
DA:500,0
DA:501,0
DA:502,0
DA:503,0
DA:504,0
DA:505,0
DA:426,1
DA:436,1
DA:437,1
DA:438,1
DA:439,1
DA:440,1
DA:441,1
DA:449,1
DA:450,1
DA:456,1
DA:461,1
DA:462,1
DA:464,1
DA:466,1
DA:467,1
DA:500,1
DA:501,1
DA:502,1
DA:503,1
DA:504,1
DA:505,1
DA:426,0
DA:436,0
DA:437,0
DA:438,0
DA:439,0
DA:440,0
DA:441,0
DA:449,0
DA:450,0
DA:456,0
DA:461,0
DA:462,0
DA:464,0
DA:466,0
DA:467,0
DA:485,0
DA:487,0
DA:488,0
DA:489,0
DA:491,0
DA:492,0
DA:493,0
DA:500,0
DA:501,0
DA:502,0
DA:503,0
DA:504,0
DA:505,0
DA:426,0
DA:436,0
DA:437,0
DA:438,0
DA:439,0
DA:440,0
DA:441,0
DA:449,0
DA:450,0
DA:456,0
DA:461,0
DA:462,0
DA:464,0
DA:466,0
DA:467,0
DA:500,0
DA:501,0
DA:502,0
DA:503,0
DA:504,0
DA:505,0
DA:426,1
DA:436,1
DA:437,1
DA:438,1
DA:439,1
DA:440,1
DA:441,1
DA:449,1
DA:450,1
DA:456,1
DA:461,1
DA:462,1
DA:464,1
DA:466,1
DA:467,1
DA:500,1
DA:501,1
DA:502,1
DA:503,1
DA:504,1
DA:505,1
DA:426,2
DA:436,2
DA:437,2
DA:438,2
DA:439,2
DA:440,2
DA:441,2
DA:449,2
DA:450,2
DA:456,2
DA:461,2
DA:462,2
DA:464,2
DA:466,2
DA:467,2
DA:500,2
DA:501,2
DA:502,2
DA:503,2
DA:504,2
DA:505,2
DA:426,0
DA:436,0
DA:437,0
DA:438,0
DA:439,0
DA:440,0
DA:441,0
DA:449,0
DA:450,0
DA:456,0
DA:461,0
DA:462,0
DA:464,0
DA:466,0
DA:467,0
DA:485,0
DA:487,0
DA:488,0
DA:489,0
DA:491,0
DA:492,0
DA:493,0
DA:500,0
DA:501,0
DA:502,0
DA:503,0
DA:504,0
DA:505,0
DA:426,0
DA:436,0
DA:437,0
DA:438,0
DA:439,0
DA:440,0
DA:441,0
DA:449,0
DA:450,0
DA:456,0
DA:461,0
DA:462,0
DA:464,0
DA:466,0
DA:467,0
DA:500,0
DA:501,0
DA:502,0
DA:503,0
DA:504,0
DA:505,0
DA:426,0
DA:436,0
DA:437,0
DA:438,0
DA:439,0
DA:440,0
DA:441,0
DA:449,0
DA:450,0
DA:456,0
DA:461,0
DA:462,0
DA:464,0
DA:466,0
DA:467,0
DA:485,0
DA:487,0
DA:488,0
DA:489,0
DA:491,0
DA:492,0
DA:493,0
DA:500,0
DA:501,0
DA:502,0
DA:503,0
DA:504,0
DA:505,0
DA:426,0
DA:436,0
DA:437,0
DA:438,0
DA:439,0
DA:440,0
DA:441,0
DA:449,0
DA:450,0
DA:456,0
DA:461,0
DA:462,0
DA:464,0
DA:466,0
DA:467,0
DA:485,0
DA:487,0
DA:488,0
DA:489,0
DA:491,0
DA:492,0
DA:493,0
DA:500,0
DA:501,0
DA:502,0
DA:503,0
DA:504,0
DA:505,0
end_of_record
SF:/mnt/d/desktop/ringbuffer/build/_deps/googletest-src/googletest/src/gtest-filepath.cc
FN:92,_ZN7testing8internalL15IsPathSeparatorEc
FNDA:31,_ZN7testing8internalL15IsPathSeparatorEc
FN:101,_ZN7testing8internal8FilePath13GetCurrentDirEv
FNDA:1,_ZN7testing8internal8FilePath13GetCurrentDirEv
FN:130,_ZNK7testing8internal8FilePath15RemoveExtensionEPKc
FNDA:0,_ZNK7testing8internal8FilePath15RemoveExtensionEPKc
FN:142,_ZNK7testing8internal8FilePath21FindLastPathSeparatorEv
FNDA:0,_ZNK7testing8internal8FilePath21FindLastPathSeparatorEv
FN:155,_ZNK7testing8internal8FilePath19CalculateRootLengthEv
FNDA:0,_ZNK7testing8internal8FilePath19CalculateRootLengthEv
FN:199,_ZNK7testing8internal8FilePath19RemoveDirectoryNameEv
FNDA:0,_ZNK7testing8internal8FilePath19RemoveDirectoryNameEv
FN:210,_ZNK7testing8internal8FilePath14RemoveFileNameEv
FNDA:0,_ZNK7testing8internal8FilePath14RemoveFileNameEv
FN:227,_ZN7testing8internal8FilePath12MakeFileNameERKS1_S3_iPKc
FNDA:0,_ZN7testing8internal8FilePath12MakeFileNameERKS1_S3_iPKc
FN:242,_ZN7testing8internal8FilePath11ConcatPathsERKS1_S3_
FNDA:0,_ZN7testing8internal8FilePath11ConcatPathsERKS1_S3_
FN:251,_ZNK7testing8internal8FilePath21FileOrDirectoryExistsEv
FNDA:0,_ZNK7testing8internal8FilePath21FileOrDirectoryExistsEv
FN:265,_ZNK7testing8internal8FilePath15DirectoryExistsEv
FNDA:0,_ZNK7testing8internal8FilePath15DirectoryExistsEv
FN:295,_ZNK7testing8internal8FilePath15IsRootDirectoryEv
FNDA:0,_ZNK7testing8internal8FilePath15IsRootDirectoryEv
FN:302,_ZNK7testing8internal8FilePath14IsAbsolutePathEv
FNDA:0,_ZNK7testing8internal8FilePath14IsAbsolutePathEv
FN:312,_ZN7testing8internal8FilePath22GenerateUniqueFileNameERKS1_S3_PKc
FNDA:0,_ZN7testing8internal8FilePath22GenerateUniqueFileNameERKS1_S3_PKc
FN:326,_ZNK7testing8internal8FilePath11IsDirectoryEv
FNDA:0,_ZNK7testing8internal8FilePath11IsDirectoryEv
FN:334,_ZNK7testing8internal8FilePath28CreateDirectoriesRecursivelyEv
FNDA:0,_ZNK7testing8internal8FilePath28CreateDirectoriesRecursivelyEv
FN:351,_ZNK7testing8internal8FilePath12CreateFolderEv
FNDA:0,_ZNK7testing8internal8FilePath12CreateFolderEv
FN:377,_ZNK7testing8internal8FilePath27RemoveTrailingPathSeparatorEv
FNDA:0,_ZNK7testing8internal8FilePath27RemoveTrailingPathSeparatorEv
FN:386,_ZN7testing8internal8FilePath9NormalizeEv
FNDA:1,_ZN7testing8internal8FilePath9NormalizeEv
DA:92,31
DA:96,31
DA:101,1
DA:114,1
DA:115,1
DA:122,1
DA:130,0
DA:131,0
DA:132,0
DA:134,0
DA:136,0
DA:137,0
DA:142,0
DA:143,0
DA:152,0
DA:155,0
DA:156,0
DA:157,0
DA:158,0
DA:186,0
DA:187,0
DA:190,0
DA:199,0
DA:200,0
DA:201,0
DA:210,0
DA:211,0
DA:212,0
DA:213,0
DA:214,0
DA:216,0
DA:218,0
DA:219,0
DA:227,0
DA:230,0
DA:231,0
DA:232,0
DA:235,0
DA:237,0
DA:238,0
DA:242,0
DA:244,0
DA:245,0
DA:246,0
DA:247,0
DA:251,0
DA:258,0
DA:259,0
DA:265,0
DA:266,0
DA:273,0
DA:285,0
DA:286,0
DA:287,0
DA:290,0
DA:295,0
DA:296,0
DA:297,0
DA:298,0
DA:302,0
DA:312,0
DA:315,0
DA:316,0
DA:318,0
DA:319,0
DA:320,0
DA:321,0
DA:326,0
DA:327,0
DA:328,0
DA:334,0
DA:335,0
DA:336,0
DA:339,0
DA:340,0
DA:343,0
DA:344,0
DA:345,0
DA:351,0
DA:365,0
DA:368,0
DA:369,0
DA:371,0
DA:377,0
DA:378,0
DA:379,0
DA:386,1
DA:387,1
DA:389,1
DA:398,32
DA:399,31
DA:400,31
DA:401,26
DA:402,5
DA:403,5
DA:405,31
DA:408,1
DA:409,1
end_of_record
SF:/usr/include/c++/11/bits/stl_iterator_base_types.h
FN:238,_ZSt19__iterator_categoryIPN7testing8internal13edit_distance8EditTypeEENSt15iterator_traitsIT_E17iterator_categoryERKS6_
FNDA:0,_ZSt19__iterator_categoryIPN7testing8internal13edit_distance8EditTypeEENSt15iterator_traitsIT_E17iterator_categoryERKS6_
FN:238,_ZSt19__iterator_categoryIPdENSt15iterator_traitsIT_E17iterator_categoryERKS2_
FNDA:0,_ZSt19__iterator_categoryIPdENSt15iterator_traitsIT_E17iterator_categoryERKS2_
FN:238,_ZSt19__iterator_categoryIN9__gnu_cxx17__normal_iteratorIPPN7testing8TestInfoESt6vectorIS4_SaIS4_EEEEENSt15iterator_traitsIT_E17iterator_categoryERKSB_
FNDA:0,_ZSt19__iterator_categoryIN9__gnu_cxx17__normal_iteratorIPPN7testing8TestInfoESt6vectorIS4_SaIS4_EEEEENSt15iterator_traitsIT_E17iterator_categoryERKSB_
FN:238,_ZSt19__iterator_categoryIN9__gnu_cxx17__normal_iteratorIPKcNSt7__cxx1112basic_stringIcSt11char_traitsIcESaIcEEEEEENSt15iterator_traitsIT_E17iterator_categoryERKSC_
FNDA:6,_ZSt19__iterator_categoryIN9__gnu_cxx17__normal_iteratorIPKcNSt7__cxx1112basic_stringIcSt11char_traitsIcESaIcEEEEEENSt15iterator_traitsIT_E17iterator_categoryERKSC_
FN:238,_ZSt19__iterator_categoryIPcENSt15iterator_traitsIT_E17iterator_categoryERKS2_
FNDA:0,_ZSt19__iterator_categoryIPcENSt15iterator_traitsIT_E17iterator_categoryERKS2_
FN:238,_ZSt19__iterator_categoryIPKPKcENSt15iterator_traitsIT_E17iterator_categoryERKS5_
FNDA:0,_ZSt19__iterator_categoryIPKPKcENSt15iterator_traitsIT_E17iterator_categoryERKS5_
FN:238,_ZSt19__iterator_categoryIN9__gnu_cxx17__normal_iteratorIPN7testing12TestPropertyESt6vectorIS3_SaIS3_EEEEENSt15iterator_traitsIT_E17iterator_categoryERKSA_
FNDA:0,_ZSt19__iterator_categoryIN9__gnu_cxx17__normal_iteratorIPN7testing12TestPropertyESt6vectorIS3_SaIS3_EEEEENSt15iterator_traitsIT_E17iterator_categoryERKSA_
FN:238,_ZSt19__iterator_categoryIN9__gnu_cxx17__normal_iteratorIPcNSt7__cxx1112basic_stringIcSt11char_traitsIcESaIcEEEEEENSt15iterator_traitsIT_E17iterator_categoryERKSB_
FNDA:4,_ZSt19__iterator_categoryIN9__gnu_cxx17__normal_iteratorIPcNSt7__cxx1112basic_stringIcSt11char_traitsIcESaIcEEEEEENSt15iterator_traitsIT_E17iterator_categoryERKSB_
FN:238,_ZSt19__iterator_categoryIPKwENSt15iterator_traitsIT_E17iterator_categoryERKS3_
FNDA:0,_ZSt19__iterator_categoryIPKwENSt15iterator_traitsIT_E17iterator_categoryERKS3_
FN:238,_ZSt19__iterator_categoryIPKcENSt15iterator_traitsIT_E17iterator_categoryERKS3_
FNDA:0,_ZSt19__iterator_categoryIPKcENSt15iterator_traitsIT_E17iterator_categoryERKS3_
FN:238,_ZSt19__iterator_categoryIN9__gnu_cxx17__normal_iteratorIPN7testing8internal13edit_distance8EditTypeESt6vectorIS5_SaIS5_EEEEENSt15iterator_traitsIT_E17iterator_categoryERKSC_
FNDA:0,_ZSt19__iterator_categoryIN9__gnu_cxx17__normal_iteratorIPN7testing8internal13edit_distance8EditTypeESt6vectorIS5_SaIS5_EEEEENSt15iterator_traitsIT_E17iterator_categoryERKSC_
FN:238,_ZSt19__iterator_categoryIN9__gnu_cxx17__normal_iteratorIPNSt7__cxx1112basic_stringIcSt11char_traitsIcESaIcEEESt6vectorIS7_SaIS7_EEEEENSt15iterator_traitsIT_E17iterator_categoryERKSE_
FNDA:8,_ZSt19__iterator_categoryIN9__gnu_cxx17__normal_iteratorIPNSt7__cxx1112basic_stringIcSt11char_traitsIcESaIcEEESt6vectorIS7_SaIS7_EEEEENSt15iterator_traitsIT_E17iterator_categoryERKSE_
FN:238,_ZSt19__iterator_categoryIN9__gnu_cxx17__normal_iteratorIPKNSt7__cxx1112basic_stringIcSt11char_traitsIcESaIcEEESt6vectorIS7_SaIS7_EEEEENSt15iterator_traitsIT_E17iterator_categoryERKSF_
FNDA:11,_ZSt19__iterator_categoryIN9__gnu_cxx17__normal_iteratorIPKNSt7__cxx1112basic_stringIcSt11char_traitsIcESaIcEEESt6vectorIS7_SaIS7_EEEEENSt15iterator_traitsIT_E17iterator_categoryERKSF_
DA:238,0
DA:239,0
DA:238,0
DA:239,0
DA:238,0
DA:239,0
DA:238,6
DA:239,6
DA:238,0
DA:239,0
DA:238,0
DA:239,0
DA:238,0
DA:239,0
DA:238,4
DA:239,4
DA:238,0
DA:239,0
DA:238,0
DA:239,0
DA:238,0
DA:239,0
DA:238,8
DA:239,8
DA:238,11
DA:239,11
end_of_record
SF:/usr/include/c++/11/bits/ios_base.h
FN:83,_ZStanSt13_Ios_FmtflagsS_
FNDA:0,_ZStanSt13_Ios_FmtflagsS_
FN:87,_ZStorSt13_Ios_FmtflagsS_
FNDA:0,_ZStorSt13_Ios_FmtflagsS_
FN:95,_ZStcoSt13_Ios_Fmtflags
FNDA:0,_ZStcoSt13_Ios_Fmtflags
FN:99,_ZStoRRSt13_Ios_FmtflagsS_
FNDA:0,_ZStoRRSt13_Ios_FmtflagsS_
FN:103,_ZStaNRSt13_Ios_FmtflagsS_
FNDA:0,_ZStaNRSt13_Ios_FmtflagsS_
FN:649,_ZNKSt8ios_base5flagsEv
FNDA:0,_ZNKSt8ios_base5flagsEv
FN:660,_ZNSt8ios_base5flagsESt13_Ios_Fmtflags
FNDA:0,_ZNSt8ios_base5flagsESt13_Ios_Fmtflags
FN:676,_ZNSt8ios_base4setfESt13_Ios_Fmtflags
FNDA:0,_ZNSt8ios_base4setfESt13_Ios_Fmtflags
FN:693,_ZNSt8ios_base4setfESt13_Ios_FmtflagsS0_
FNDA:0,_ZNSt8ios_base4setfESt13_Ios_FmtflagsS0_
FN:940,_ZSt9showpointRSt8ios_base
FNDA:0,_ZSt9showpointRSt8ios_base
FN:988,_ZSt9uppercaseRSt8ios_base
FNDA:0,_ZSt9uppercaseRSt8ios_base
FN:1054,_ZSt3hexRSt8ios_base
FNDA:0,_ZSt3hexRSt8ios_base
FN:1071,_ZSt5fixedRSt8ios_base
FNDA:0,_ZSt5fixedRSt8ios_base
DA:83,0
DA:84,0
DA:87,0
DA:88,0
DA:95,0
DA:96,0
DA:99,0
DA:100,0
DA:103,0
DA:104,0
DA:649,0
DA:650,0
DA:660,0
DA:662,0
DA:663,0
DA:664,0
DA:676,0
DA:678,0
DA:679,0
DA:680,0
DA:693,0
DA:695,0
DA:696,0
DA:697,0
DA:698,0
DA:940,0
DA:942,0
DA:943,0
DA:988,0
DA:990,0
DA:991,0
DA:1054,0
DA:1056,0
DA:1057,0
DA:1071,0
DA:1073,0
DA:1074,0
end_of_record
SF:/usr/include/c++/11/bits/stl_iterator_base_funcs.h
FN:98,_ZSt10__distanceIN9__gnu_cxx17__normal_iteratorIPPN7testing8TestInfoESt6vectorIS4_SaIS4_EEEEENSt15iterator_traitsIT_E15difference_typeESB_SB_St26random_access_iterator_tag
FNDA:0,_ZSt10__distanceIN9__gnu_cxx17__normal_iteratorIPPN7testing8TestInfoESt6vectorIS4_SaIS4_EEEEENSt15iterator_traitsIT_E15difference_typeESB_SB_St26random_access_iterator_tag
FN:98,_ZSt10__distanceIPcENSt15iterator_traitsIT_E15difference_typeES2_S2_St26random_access_iterator_tag
FNDA:0,_ZSt10__distanceIPcENSt15iterator_traitsIT_E15difference_typeES2_S2_St26random_access_iterator_tag
FN:98,_ZSt10__distanceIPKPKcENSt15iterator_traitsIT_E15difference_typeES5_S5_St26random_access_iterator_tag
FNDA:0,_ZSt10__distanceIPKPKcENSt15iterator_traitsIT_E15difference_typeES5_S5_St26random_access_iterator_tag
FN:98,_ZSt10__distanceIN9__gnu_cxx17__normal_iteratorIPKNSt7__cxx1112basic_stringIcSt11char_traitsIcESaIcEEESt6vectorIS7_SaIS7_EEEEENSt15iterator_traitsIT_E15difference_typeESF_SF_St26random_access_iterator_tag
FNDA:0,_ZSt10__distanceIN9__gnu_cxx17__normal_iteratorIPKNSt7__cxx1112basic_stringIcSt11char_traitsIcESaIcEEESt6vectorIS7_SaIS7_EEEEENSt15iterator_traitsIT_E15difference_typeESF_SF_St26random_access_iterator_tag
FN:98,_ZSt10__distanceIPKwENSt15iterator_traitsIT_E15difference_typeES3_S3_St26random_access_iterator_tag
FNDA:0,_ZSt10__distanceIPKwENSt15iterator_traitsIT_E15difference_typeES3_S3_St26random_access_iterator_tag
FN:98,_ZSt10__distanceIPKcENSt15iterator_traitsIT_E15difference_typeES3_S3_St26random_access_iterator_tag
FNDA:0,_ZSt10__distanceIPKcENSt15iterator_traitsIT_E15difference_typeES3_S3_St26random_access_iterator_tag
FN:98,_ZSt10__distanceIN9__gnu_cxx17__normal_iteratorIPNSt7__cxx1112basic_stringIcSt11char_traitsIcESaIcEEESt6vectorIS7_SaIS7_EEEEENSt15iterator_traitsIT_E15difference_typeESE_SE_St26random_access_iterator_tag
FNDA:4,_ZSt10__distanceIN9__gnu_cxx17__normal_iteratorIPNSt7__cxx1112basic_stringIcSt11char_traitsIcESaIcEEESt6vectorIS7_SaIS7_EEEEENSt15iterator_traitsIT_E15difference_typeESE_SE_St26random_access_iterator_tag
FN:138,_ZSt8distanceIN9__gnu_cxx17__normal_iteratorIPPN7testing8TestInfoESt6vectorIS4_SaIS4_EEEEENSt15iterator_traitsIT_E15difference_typeESB_SB_
FNDA:0,_ZSt8distanceIN9__gnu_cxx17__normal_iteratorIPPN7testing8TestInfoESt6vectorIS4_SaIS4_EEEEENSt15iterator_traitsIT_E15difference_typeESB_SB_
FN:138,_ZSt8distanceIN9__gnu_cxx17__normal_iteratorIPNSt7__cxx1112basic_stringIcSt11char_traitsIcESaIcEEESt6vectorIS7_SaIS7_EEEEENSt15iterator_traitsIT_E15difference_typeESE_SE_
FNDA:4,_ZSt8distanceIN9__gnu_cxx17__normal_iteratorIPNSt7__cxx1112basic_stringIcSt11char_traitsIcESaIcEEESt6vectorIS7_SaIS7_EEEEENSt15iterator_traitsIT_E15difference_typeESE_SE_
FN:138,_ZSt8distanceIPcENSt15iterator_traitsIT_E15difference_typeES2_S2_
FNDA:0,_ZSt8distanceIPcENSt15iterator_traitsIT_E15difference_typeES2_S2_
FN:138,_ZSt8distanceIPKPKcENSt15iterator_traitsIT_E15difference_typeES5_S5_
FNDA:0,_ZSt8distanceIPKPKcENSt15iterator_traitsIT_E15difference_typeES5_S5_
FN:138,_ZSt8distanceIPKcENSt15iterator_traitsIT_E15difference_typeES3_S3_
FNDA:0,_ZSt8distanceIPKcENSt15iterator_traitsIT_E15difference_typeES3_S3_
FN:138,_ZSt8distanceIN9__gnu_cxx17__normal_iteratorIPKNSt7__cxx1112basic_stringIcSt11char_traitsIcESaIcEEESt6vectorIS7_SaIS7_EEEEENSt15iterator_traitsIT_E15difference_typeESF_SF_
FNDA:0,_ZSt8distanceIN9__gnu_cxx17__normal_iteratorIPKNSt7__cxx1112basic_stringIcSt11char_traitsIcESaIcEEESt6vectorIS7_SaIS7_EEEEENSt15iterator_traitsIT_E15difference_typeESF_SF_
FN:138,_ZSt8distanceIPKwENSt15iterator_traitsIT_E15difference_typeES3_S3_
FNDA:0,_ZSt8distanceIPKwENSt15iterator_traitsIT_E15difference_typeES3_S3_
FN:174,_ZSt9__advanceIN9__gnu_cxx17__normal_iteratorIPPN7testing8TestInfoESt6vectorIS4_SaIS4_EEEElEvRT_T0_St26random_access_iterator_tag
FNDA:0,_ZSt9__advanceIN9__gnu_cxx17__normal_iteratorIPPN7testing8TestInfoESt6vectorIS4_SaIS4_EEEElEvRT_T0_St26random_access_iterator_tag
FN:174,_ZSt9__advanceIN9__gnu_cxx17__normal_iteratorIPcNSt7__cxx1112basic_stringIcSt11char_traitsIcESaIcEEEEElEvRT_T0_St26random_access_iterator_tag
FNDA:4,_ZSt9__advanceIN9__gnu_cxx17__normal_iteratorIPcNSt7__cxx1112basic_stringIcSt11char_traitsIcESaIcEEEEElEvRT_T0_St26random_access_iterator_tag
FN:202,_ZSt7advanceIN9__gnu_cxx17__normal_iteratorIPcNSt7__cxx1112basic_stringIcSt11char_traitsIcESaIcEEEEElEvRT_T0_
FNDA:4,_ZSt7advanceIN9__gnu_cxx17__normal_iteratorIPcNSt7__cxx1112basic_stringIcSt11char_traitsIcESaIcEEEEElEvRT_T0_
FN:202,_ZSt7advanceIN9__gnu_cxx17__normal_iteratorIPPN7testing8TestInfoESt6vectorIS4_SaIS4_EEEElEvRT_T0_
FNDA:0,_ZSt7advanceIN9__gnu_cxx17__normal_iteratorIPPN7testing8TestInfoESt6vectorIS4_SaIS4_EEEElEvRT_T0_
FN:224,_ZSt4prevIN9__gnu_cxx17__normal_iteratorIPcNSt7__cxx1112basic_stringIcSt11char_traitsIcESaIcEEEEEET_SA_NSt15iterator_traitsISA_E15difference_typeE
FNDA:4,_ZSt4prevIN9__gnu_cxx17__normal_iteratorIPcNSt7__cxx1112basic_stringIcSt11char_traitsIcESaIcEEEEEET_SA_NSt15iterator_traitsISA_E15difference_typeE
DA:98,0
DA:104,0
DA:98,0
DA:104,0
DA:98,0
DA:104,0
DA:98,0
DA:104,0
DA:98,0
DA:104,0
DA:98,0
DA:104,0
DA:98,4
DA:104,4
DA:138,0
DA:141,0
DA:142,0
DA:138,0
DA:141,0
DA:142,0
DA:138,0
DA:141,0
DA:142,0
DA:138,0
DA:141,0
DA:142,0
DA:138,0
DA:141,0
DA:142,0
DA:138,0
DA:141,0
DA:142,0
DA:138,4
DA:141,4
DA:142,8
DA:174,0
DA:185,0
DA:186,0
DA:174,4
DA:185,4
DA:186,4
DA:202,0
DA:205,0
DA:206,0
DA:207,0
DA:202,4
DA:205,4
DA:206,4
DA:207,4
DA:224,4
DA:230,4
DA:231,4
end_of_record
SF:/mnt/d/desktop/ringbuffer/build/_deps/googletest-src/googletest/include/gtest/gtest-assertion-result.h
FN:162,_ZN7testing15AssertionResultC2IbEERKT_PNSt9enable_ifIXntsrSt14is_convertibleIS2_S0_E5valueEvE4typeE
FNDA:0,_ZN7testing15AssertionResultC2IbEERKT_PNSt9enable_ifIXntsrSt14is_convertibleIS2_S0_E5valueEvE4typeE
FN:181,_ZNK7testing15AssertionResultcvbEv
FNDA:0,_ZNK7testing15AssertionResultcvbEv
FN:190,_ZNK7testing15AssertionResult7messageEv
FNDA:0,_ZNK7testing15AssertionResult7messageEv
FN:194,_ZNK7testing15AssertionResult15failure_messageEv
FNDA:0,_ZNK7testing15AssertionResult15failure_messageEv
FN:198,_ZN7testing15AssertionResultlsIA6_cEERS0_RKT_
FNDA:0,_ZN7testing15AssertionResultlsIA6_cEERS0_RKT_
FN:198,_ZN7testing15AssertionResultlsINSt7__cxx1112basic_stringIcSt11char_traitsIcESaIcEEEEERS0_RKT_
FNDA:0,_ZN7testing15AssertionResultlsINSt7__cxx1112basic_stringIcSt11char_traitsIcESaIcEEEEERS0_RKT_
FN:198,_ZN7testing15AssertionResultlsINS_7MessageEEERS0_RKT_
FNDA:0,_ZN7testing15AssertionResultlsINS_7MessageEEERS0_RKT_
FN:198,_ZN7testing15AssertionResultlsIA11_cEERS0_RKT_
FNDA:0,_ZN7testing15AssertionResultlsIA11_cEERS0_RKT_
FN:198,_ZN7testing15AssertionResultlsIA2_cEERS0_RKT_
FNDA:0,_ZN7testing15AssertionResultlsIA2_cEERS0_RKT_
FN:198,_ZN7testing15AssertionResultlsINS_14TestPartResultEEERS0_RKT_
FNDA:0,_ZN7testing15AssertionResultlsINS_14TestPartResultEEERS0_RKT_
FN:198,_ZN7testing15AssertionResultlsIA14_cEERS0_RKT_
FNDA:0,_ZN7testing15AssertionResultlsIA14_cEERS0_RKT_
FN:198,_ZN7testing15AssertionResultlsIA3_cEERS0_RKT_
FNDA:0,_ZN7testing15AssertionResultlsIA3_cEERS0_RKT_
FN:198,_ZN7testing15AssertionResultlsIA24_cEERS0_RKT_
FNDA:0,_ZN7testing15AssertionResultlsIA24_cEERS0_RKT_
FN:198,_ZN7testing15AssertionResultlsIPKcEERS0_RKT_
FNDA:0,_ZN7testing15AssertionResultlsIPKcEERS0_RKT_
FN:198,_ZN7testing15AssertionResultlsINSt7__cxx1112basic_stringIwSt11char_traitsIwESaIwEEEEERS0_RKT_
FNDA:0,_ZN7testing15AssertionResultlsINSt7__cxx1112basic_stringIwSt11char_traitsIwESaIwEEEEERS0_RKT_
FN:198,_ZN7testing15AssertionResultlsIA5_cEERS0_RKT_
FNDA:0,_ZN7testing15AssertionResultlsIA5_cEERS0_RKT_
FN:198,_ZN7testing15AssertionResultlsIdEERS0_RKT_
FNDA:0,_ZN7testing15AssertionResultlsIdEERS0_RKT_
FN:198,_ZN7testing15AssertionResultlsIA9_cEERS0_RKT_
FNDA:0,_ZN7testing15AssertionResultlsIA9_cEERS0_RKT_
FN:198,_ZN7testing15AssertionResultlsIA15_cEERS0_RKT_
FNDA:0,_ZN7testing15AssertionResultlsIA15_cEERS0_RKT_
FN:198,_ZN7testing15AssertionResultlsIA27_cEERS0_RKT_
FNDA:0,_ZN7testing15AssertionResultlsIA27_cEERS0_RKT_
FN:198,_ZN7testing15AssertionResultlsIA100_cEERS0_RKT_
FNDA:0,_ZN7testing15AssertionResultlsIA100_cEERS0_RKT_
FN:198,_ZN7testing15AssertionResultlsIA106_cEERS0_RKT_
FNDA:0,_ZN7testing15AssertionResultlsIA106_cEERS0_RKT_
FN:198,_ZN7testing15AssertionResultlsIA17_cEERS0_RKT_
FNDA:0,_ZN7testing15AssertionResultlsIA17_cEERS0_RKT_
FN:198,_ZN7testing15AssertionResultlsIA7_cEERS0_RKT_
FNDA:0,_ZN7testing15AssertionResultlsIA7_cEERS0_RKT_
FN:198,_ZN7testing15AssertionResultlsIA12_cEERS0_RKT_
FNDA:0,_ZN7testing15AssertionResultlsIA12_cEERS0_RKT_
FN:198,_ZN7testing15AssertionResultlsIA13_cEERS0_RKT_
FNDA:0,_ZN7testing15AssertionResultlsIA13_cEERS0_RKT_
FN:198,_ZN7testing15AssertionResultlsIA29_cEERS0_RKT_
FNDA:0,_ZN7testing15AssertionResultlsIA29_cEERS0_RKT_
FN:198,_ZN7testing15AssertionResultlsIA16_cEERS0_RKT_
FNDA:0,_ZN7testing15AssertionResultlsIA16_cEERS0_RKT_
FN:198,_ZN7testing15AssertionResultlsIPKwEERS0_RKT_
FNDA:0,_ZN7testing15AssertionResultlsIPKwEERS0_RKT_
FN:213,_ZN7testing15AssertionResult13AppendMessageERKNS_7MessageE
FNDA:0,_ZN7testing15AssertionResult13AppendMessageERKNS_7MessageE
DA:162,0
DA:168,0
DA:181,0
DA:190,0
DA:191,0
DA:194,0
DA:198,0
DA:199,0
DA:200,0
DA:198,0
DA:199,0
DA:200,0
DA:198,0
DA:199,0
DA:200,0
DA:198,0
DA:199,0
DA:200,0
DA:198,0
DA:199,0
DA:200,0
DA:198,0
DA:199,0
DA:200,0
DA:198,0
DA:199,0
DA:200,0
DA:198,0
DA:199,0
DA:200,0
DA:198,0
DA:199,0
DA:200,0
DA:198,0
DA:199,0
DA:200,0
DA:198,0
DA:199,0
DA:200,0
DA:198,0
DA:199,0
DA:200,0
DA:198,0
DA:199,0
DA:200,0
DA:198,0
DA:199,0
DA:200,0
DA:198,0
DA:199,0
DA:200,0
DA:198,0
DA:199,0
DA:200,0
DA:198,0
DA:199,0
DA:200,0
DA:198,0
DA:199,0
DA:200,0
DA:198,0
DA:199,0
DA:200,0
DA:198,0
DA:199,0
DA:200,0
DA:198,0
DA:199,0
DA:200,0
DA:198,0
DA:199,0
DA:200,0
DA:198,0
DA:199,0
DA:200,0
DA:198,0
DA:199,0
DA:200,0
DA:198,0
DA:199,0
DA:200,0
DA:213,0
DA:214,0
DA:215,0
DA:216,0
end_of_record
SF:/usr/include/c++/11/ext/alloc_traits.h
FN:97,_ZN9__gnu_cxx14__alloc_traitsISaIN7testing8internal13edit_distance8EditTypeEES4_E17_S_select_on_copyERKS5_
FNDA:0,_ZN9__gnu_cxx14__alloc_traitsISaIN7testing8internal13edit_distance8EditTypeEES4_E17_S_select_on_copyERKS5_
FN:97,_ZN9__gnu_cxx14__alloc_traitsISaIdEdE17_S_select_on_copyERKS1_
FNDA:0,_ZN9__gnu_cxx14__alloc_traitsISaIdEdE17_S_select_on_copyERKS1_
FN:97,_ZN9__gnu_cxx14__alloc_traitsISaINSt7__cxx1112basic_stringIcSt11char_traitsIcESaIcEEEES6_E17_S_select_on_copyERKS7_
FNDA:2,_ZN9__gnu_cxx14__alloc_traitsISaINSt7__cxx1112basic_stringIcSt11char_traitsIcESaIcEEEES6_E17_S_select_on_copyERKS7_
FN:97,_ZN9__gnu_cxx14__alloc_traitsISaIcEcE17_S_select_on_copyERKS1_
FNDA:0,_ZN9__gnu_cxx14__alloc_traitsISaIcEcE17_S_select_on_copyERKS1_
FN:100,_ZN9__gnu_cxx14__alloc_traitsISaINSt7__cxx1112basic_stringIcSt11char_traitsIcESaIcEEEES6_E10_S_on_swapERS7_S9_
FNDA:6,_ZN9__gnu_cxx14__alloc_traitsISaINSt7__cxx1112basic_stringIcSt11char_traitsIcESaIcEEEES6_E10_S_on_swapERS7_S9_
DA:97,0
DA:98,0
DA:97,0
DA:98,0
DA:97,2
DA:98,2
DA:97,0
DA:98,0
DA:100,6
DA:101,6
end_of_record
SF:/mnt/d/desktop/ringbuffer/build/_deps/googletest-src/googletest/src/gtest-test-part.cc
FN:45,_ZN7testing14TestPartResult14ExtractSummaryB5cxx11EPKc
FNDA:0,_ZN7testing14TestPartResult14ExtractSummaryB5cxx11EPKc
FN:51,_ZN7testinglsERSoRKNS_14TestPartResultE
FNDA:0,_ZN7testinglsERSoRKNS_14TestPartResultE
FN:65,_ZN7testing19TestPartResultArray6AppendERKNS_14TestPartResultE
FNDA:0,_ZN7testing19TestPartResultArray6AppendERKNS_14TestPartResultE
FN:70,_ZNK7testing19TestPartResultArray17GetTestPartResultEi
FNDA:0,_ZNK7testing19TestPartResultArray17GetTestPartResultEi
FN:80,_ZNK7testing19TestPartResultArray4sizeEv
FNDA:0,_ZNK7testing19TestPartResultArray4sizeEv
FN:86,_ZN7testing8internal24HasNewFatalFailureHelperC2Ev
FNDA:0,_ZN7testing8internal24HasNewFatalFailureHelperC2Ev
FN:93,_ZN7testing8internal24HasNewFatalFailureHelperD0Ev
FNDA:0,_ZN7testing8internal24HasNewFatalFailureHelperD0Ev
FN:93,_ZN7testing8internal24HasNewFatalFailureHelperD2Ev
FNDA:0,_ZN7testing8internal24HasNewFatalFailureHelperD2Ev
FN:98,_ZN7testing8internal24HasNewFatalFailureHelper20ReportTestPartResultERKNS_14TestPartResultE
FNDA:0,_ZN7testing8internal24HasNewFatalFailureHelper20ReportTestPartResultERKNS_14TestPartResultE
DA:45,0
DA:46,0
DA:47,0
DA:51,0
DA:52,0
DA:55,0
DA:56,0
DA:57,0
DA:58,0
DA:61,0
DA:65,0
DA:66,0
DA:67,0
DA:70,0
DA:71,0
DA:72,0
DA:73,0
DA:76,0
DA:80,0
DA:81,0
DA:86,0
DA:87,0
DA:88,0
DA:89,0
DA:90,0
DA:91,0
DA:93,0
DA:96,0
DA:93,0
DA:94,0
DA:96,0
DA:98,0
DA:100,0
DA:101,0
DA:102,0
end_of_record
SF:/usr/include/c++/11/initializer_list
FN:71,_ZNKSt16initializer_listIPKcE4sizeEv
FNDA:0,_ZNKSt16initializer_listIPKcE4sizeEv
FN:75,_ZNKSt16initializer_listIPKcE5beginEv
FNDA:0,_ZNKSt16initializer_listIPKcE5beginEv
FN:79,_ZNKSt16initializer_listIPKcE3endEv
FNDA:0,_ZNKSt16initializer_listIPKcE3endEv
DA:71,0
DA:75,0
DA:79,0
end_of_record
SF:/mnt/d/desktop/ringbuffer/build/_deps/googletest-src/googletest/src/gtest-assertion-result.cc
FN:45,_ZN7testing15AssertionResultC2ERKS0_
FNDA:0,_ZN7testing15AssertionResultC2ERKS0_
FN:52,_ZN7testing15AssertionResult4swapERS0_
FNDA:0,_ZN7testing15AssertionResult4swapERS0_
FN:59,_ZNK7testing15AssertionResultntEv
FNDA:0,_ZNK7testing15AssertionResultntEv
FN:66,_ZN7testing16AssertionSuccessEv
FNDA:16,_ZN7testing16AssertionSuccessEv
FN:69,_ZN7testing16AssertionFailureEv
FNDA:0,_ZN7testing16AssertionFailureEv
FN:73,_ZN7testing16AssertionFailureERKNS_7MessageE
FNDA:0,_ZN7testing16AssertionFailureERKNS_7MessageE
DA:45,0
DA:46,0
DA:47,0
DA:48,0
DA:49,0
DA:52,0
DA:54,0
DA:55,0
DA:56,0
DA:59,0
DA:60,0
DA:61,0
DA:62,0
DA:63,0
DA:66,16
DA:69,0
DA:73,0
DA:74,0
end_of_record
SF:/mnt/d/desktop/ringbuffer/build/_deps/googletest-src/googletest/include/gtest/gtest-matchers.h
FN:83,_ZN7testing19MatchResultListenerC2EPSo
FNDA:0,_ZN7testing19MatchResultListenerC2EPSo
FN:95,_ZN7testing19MatchResultListener6streamEv
FNDA:0,_ZN7testing19MatchResultListener6streamEv
FN:110,_ZN7testing19MatchResultListenerD2Ev
FNDA:0,_ZN7testing19MatchResultListenerD2Ev
FN:110,_ZN7testing19MatchResultListenerD0Ev
FNDA:0,_ZN7testing19MatchResultListenerD0Ev
FN:116,_ZN7testing25MatcherDescriberInterfaceD0Ev
FNDA:0,_ZN7testing25MatcherDescriberInterfaceD0Ev
FN:116,_ZN7testing25MatcherDescriberInterfaceD2Ev
FNDA:0,_ZN7testing25MatcherDescriberInterfaceD2Ev
FN:131,_ZNK7testing25MatcherDescriberInterface18DescribeNegationToEPSo
FNDA:0,_ZNK7testing25MatcherDescriberInterface18DescribeNegationToEPSo
FN:185,_ZN7testing8internal24DummyMatchResultListenerC2Ev
FNDA:0,_ZN7testing8internal24DummyMatchResultListenerC2Ev
FN:209,_ZN7testing8internal17SharedPayloadBase5UnrefEv
FNDA:0,_ZN7testing8internal17SharedPayloadBase5UnrefEv
FN:215,_ZN7testing8internal13SharedPayloadINS0_9EqMatcherINSt7__cxx1112basic_stringIcSt11char_traitsIcESaIcEEEEEEC2EOS9_
FNDA:0,_ZN7testing8internal13SharedPayloadINS0_9EqMatcherINSt7__cxx1112basic_stringIcSt11char_traitsIcESaIcEEEEEEC2EOS9_
FN:217,_ZN7testing8internal13SharedPayloadINS0_9EqMatcherINSt7__cxx1112basic_stringIcSt11char_traitsIcESaIcEEEEEE7DestroyEPNS0_17SharedPayloadBaseE
FNDA:0,_ZN7testing8internal13SharedPayloadINS0_9EqMatcherINSt7__cxx1112basic_stringIcSt11char_traitsIcESaIcEEEEEE7DestroyEPNS0_17SharedPayloadBaseE
FN:232,_ZNK7testing8internal11MatcherBaseIRKNSt7__cxx1112basic_stringIcSt11char_traitsIcESaIcEEEE15MatchAndExplainES9_PNS_19MatchResultListenerE
FNDA:0,_ZNK7testing8internal11MatcherBaseIRKNSt7__cxx1112basic_stringIcSt11char_traitsIcESaIcEEEE15MatchAndExplainES9_PNS_19MatchResultListenerE
FN:238,_ZNK7testing8internal11MatcherBaseIRKNSt7__cxx1112basic_stringIcSt11char_traitsIcESaIcEEEE7MatchesES9_
FNDA:0,_ZNK7testing8internal11MatcherBaseIRKNSt7__cxx1112basic_stringIcSt11char_traitsIcESaIcEEEE7MatchesES9_
FN:244,_ZNK7testing8internal11MatcherBaseISt17basic_string_viewIcSt11char_traitsIcEEE10DescribeToEPSo
FNDA:0,_ZNK7testing8internal11MatcherBaseISt17basic_string_viewIcSt11char_traitsIcEEE10DescribeToEPSo
FN:244,_ZNK7testing8internal11MatcherBaseIRKSt17basic_string_viewIcSt11char_traitsIcEEE10DescribeToEPSo
FNDA:0,_ZNK7testing8internal11MatcherBaseIRKSt17basic_string_viewIcSt11char_traitsIcEEE10DescribeToEPSo
FN:244,_ZNK7testing8internal11MatcherBaseINSt7__cxx1112basic_stringIcSt11char_traitsIcESaIcEEEE10DescribeToEPSo
FNDA:0,_ZNK7testing8internal11MatcherBaseINSt7__cxx1112basic_stringIcSt11char_traitsIcESaIcEEEE10DescribeToEPSo
FN:244,_ZNK7testing8internal11MatcherBaseIRKNSt7__cxx1112basic_stringIcSt11char_traitsIcESaIcEEEE10DescribeToEPSo
FNDA:0,_ZNK7testing8internal11MatcherBaseIRKNSt7__cxx1112basic_stringIcSt11char_traitsIcESaIcEEEE10DescribeToEPSo
FN:250,_ZNK7testing8internal11MatcherBaseINSt7__cxx1112basic_stringIcSt11char_traitsIcESaIcEEEE18DescribeNegationToEPSo
FNDA:0,_ZNK7testing8internal11MatcherBaseINSt7__cxx1112basic_stringIcSt11char_traitsIcESaIcEEEE18DescribeNegationToEPSo
FN:250,_ZNK7testing8internal11MatcherBaseIRKNSt7__cxx1112basic_stringIcSt11char_traitsIcESaIcEEEE18DescribeNegationToEPSo
FNDA:0,_ZNK7testing8internal11MatcherBaseIRKNSt7__cxx1112basic_stringIcSt11char_traitsIcESaIcEEEE18DescribeNegationToEPSo
FN:250,_ZNK7testing8internal11MatcherBaseIRKSt17basic_string_viewIcSt11char_traitsIcEEE18DescribeNegationToEPSo
FNDA:0,_ZNK7testing8internal11MatcherBaseIRKSt17basic_string_viewIcSt11char_traitsIcEEE18DescribeNegationToEPSo
FN:250,_ZNK7testing8internal11MatcherBaseISt17basic_string_viewIcSt11char_traitsIcEEE18DescribeNegationToEPSo
FNDA:0,_ZNK7testing8internal11MatcherBaseISt17basic_string_viewIcSt11char_traitsIcEEE18DescribeNegationToEPSo
FN:270,_ZN7testing8internal11MatcherBaseISt17basic_string_viewIcSt11char_traitsIcEEEC2Ev
FNDA:0,_ZN7testing8internal11MatcherBaseISt17basic_string_viewIcSt11char_traitsIcEEEC2Ev
FN:270,_ZN7testing8internal11MatcherBaseIRKSt17basic_string_viewIcSt11char_traitsIcEEEC2Ev
FNDA:0,_ZN7testing8internal11MatcherBaseIRKSt17basic_string_viewIcSt11char_traitsIcEEEC2Ev
FN:270,_ZN7testing8internal11MatcherBaseINSt7__cxx1112basic_stringIcSt11char_traitsIcESaIcEEEEC2Ev
FNDA:0,_ZN7testing8internal11MatcherBaseINSt7__cxx1112basic_stringIcSt11char_traitsIcESaIcEEEEC2Ev
FN:270,_ZN7testing8internal11MatcherBaseIRKNSt7__cxx1112basic_stringIcSt11char_traitsIcESaIcEEEEC2Ev
FNDA:0,_ZN7testing8internal11MatcherBaseIRKNSt7__cxx1112basic_stringIcSt11char_traitsIcESaIcEEEEC2Ev
FN:281,_ZN7testing8internal11MatcherBaseIRKSt17basic_string_viewIcSt11char_traitsIcEEEC2INS0_9EqMatcherINSt7__cxx1112basic_stringIcS4_SaIcEEEEEvEEOT_
FNDA:0,_ZN7testing8internal11MatcherBaseIRKSt17basic_string_viewIcSt11char_traitsIcEEEC2INS0_9EqMatcherINSt7__cxx1112basic_stringIcS4_SaIcEEEEEvEEOT_
FN:281,_ZN7testing8internal11MatcherBaseISt17basic_string_viewIcSt11char_traitsIcEEEC2INS0_9EqMatcherINSt7__cxx1112basic_stringIcS4_SaIcEEEEEvEEOT_
FNDA:0,_ZN7testing8internal11MatcherBaseISt17basic_string_viewIcSt11char_traitsIcEEEC2INS0_9EqMatcherINSt7__cxx1112basic_stringIcS4_SaIcEEEEEvEEOT_
FN:281,_ZN7testing8internal11MatcherBaseINSt7__cxx1112basic_stringIcSt11char_traitsIcESaIcEEEEC2INS0_9EqMatcherIS7_EEvEEOT_
FNDA:0,_ZN7testing8internal11MatcherBaseINSt7__cxx1112basic_stringIcSt11char_traitsIcESaIcEEEEC2INS0_9EqMatcherIS7_EEvEEOT_
FN:281,_ZN7testing8internal11MatcherBaseIRKNSt7__cxx1112basic_stringIcSt11char_traitsIcESaIcEEEEC2INS0_9EqMatcherIS7_EEvEEOT_
FNDA:0,_ZN7testing8internal11MatcherBaseIRKNSt7__cxx1112basic_stringIcSt11char_traitsIcESaIcEEEEC2INS0_9EqMatcherIS7_EEvEEOT_
FN:299,_ZN7testing8internal11MatcherBaseIRKNSt7__cxx1112basic_stringIcSt11char_traitsIcESaIcEEEEC2EOSA_
FNDA:0,_ZN7testing8internal11MatcherBaseIRKNSt7__cxx1112basic_stringIcSt11char_traitsIcESaIcEEEEC2EOSA_
FN:304,_ZN7testing8internal11MatcherBaseISt17basic_string_viewIcSt11char_traitsIcEEEaSEOS6_
FNDA:0,_ZN7testing8internal11MatcherBaseISt17basic_string_viewIcSt11char_traitsIcEEEaSEOS6_
FN:304,_ZN7testing8internal11MatcherBaseIRKSt17basic_string_viewIcSt11char_traitsIcEEEaSEOS8_
FNDA:0,_ZN7testing8internal11MatcherBaseIRKSt17basic_string_viewIcSt11char_traitsIcEEEaSEOS8_
FN:304,_ZN7testing8internal11MatcherBaseINSt7__cxx1112basic_stringIcSt11char_traitsIcESaIcEEEEaSEOS8_
FNDA:0,_ZN7testing8internal11MatcherBaseINSt7__cxx1112basic_stringIcSt11char_traitsIcESaIcEEEEaSEOS8_
FN:304,_ZN7testing8internal11MatcherBaseIRKNSt7__cxx1112basic_stringIcSt11char_traitsIcESaIcEEEEaSEOSA_
FNDA:0,_ZN7testing8internal11MatcherBaseIRKNSt7__cxx1112basic_stringIcSt11char_traitsIcESaIcEEEEaSEOSA_
FN:313,_ZN7testing8internal11MatcherBaseIRKSt17basic_string_viewIcSt11char_traitsIcEEED2Ev
FNDA:0,_ZN7testing8internal11MatcherBaseIRKSt17basic_string_viewIcSt11char_traitsIcEEED2Ev
FN:313,_ZN7testing8internal11MatcherBaseIRKNSt7__cxx1112basic_stringIcSt11char_traitsIcESaIcEEEED2Ev
FNDA:0,_ZN7testing8internal11MatcherBaseIRKNSt7__cxx1112basic_stringIcSt11char_traitsIcESaIcEEEED2Ev
FN:313,_ZN7testing8internal11MatcherBaseIRKNSt7__cxx1112basic_stringIcSt11char_traitsIcESaIcEEEED0Ev
FNDA:0,_ZN7testing8internal11MatcherBaseIRKNSt7__cxx1112basic_stringIcSt11char_traitsIcESaIcEEEED0Ev
FN:313,_ZN7testing8internal11MatcherBaseINSt7__cxx1112basic_stringIcSt11char_traitsIcESaIcEEEED2Ev
FNDA:0,_ZN7testing8internal11MatcherBaseINSt7__cxx1112basic_stringIcSt11char_traitsIcESaIcEEEED2Ev
FN:313,_ZN7testing8internal11MatcherBaseINSt7__cxx1112basic_stringIcSt11char_traitsIcESaIcEEEED0Ev
FNDA:0,_ZN7testing8internal11MatcherBaseINSt7__cxx1112basic_stringIcSt11char_traitsIcESaIcEEEED0Ev
FN:313,_ZN7testing8internal11MatcherBaseISt17basic_string_viewIcSt11char_traitsIcEEED0Ev
FNDA:0,_ZN7testing8internal11MatcherBaseISt17basic_string_viewIcSt11char_traitsIcEEED0Ev
FN:313,_ZN7testing8internal11MatcherBaseISt17basic_string_viewIcSt11char_traitsIcEEED2Ev
FNDA:0,_ZN7testing8internal11MatcherBaseISt17basic_string_viewIcSt11char_traitsIcEEED2Ev
FN:313,_ZN7testing8internal11MatcherBaseIRKSt17basic_string_viewIcSt11char_traitsIcEEED0Ev
FNDA:0,_ZN7testing8internal11MatcherBaseIRKSt17basic_string_viewIcSt11char_traitsIcEEED0Ev
FN:327,_ZNK7testing8internal11MatcherBaseIRKNSt7__cxx1112basic_stringIcSt11char_traitsIcESaIcEEEE8IsSharedEv
FNDA:0,_ZNK7testing8internal11MatcherBaseIRKNSt7__cxx1112basic_stringIcSt11char_traitsIcESaIcEEEE8IsSharedEv
FN:327,_ZNK7testing8internal11MatcherBaseISt17basic_string_viewIcSt11char_traitsIcEEE8IsSharedEv
FNDA:0,_ZNK7testing8internal11MatcherBaseISt17basic_string_viewIcSt11char_traitsIcEEE8IsSharedEv
FN:327,_ZNK7testing8internal11MatcherBaseIRKSt17basic_string_viewIcSt11char_traitsIcEEE8IsSharedEv
FNDA:0,_ZNK7testing8internal11MatcherBaseIRKSt17basic_string_viewIcSt11char_traitsIcEEE8IsSharedEv
FN:327,_ZNK7testing8internal11MatcherBaseINSt7__cxx1112basic_stringIcSt11char_traitsIcESaIcEEEE8IsSharedEv
FNDA:0,_ZNK7testing8internal11MatcherBaseINSt7__cxx1112basic_stringIcSt11char_traitsIcESaIcEEEE8IsSharedEv
FN:333,_ZN7testing8internal11MatcherBaseISt17basic_string_viewIcSt11char_traitsIcEEE19MatchAndExplainImplINS6_11ValuePolicyINS0_9EqMatcherINSt7__cxx1112basic_stringIcS4_SaIcEEEEELb0EEEEEDTcldtclsrT_3Getfp_E15MatchAndExplainfp0_clptfp1_L_ZNS_19MatchResultListener6streamEvEEEERKS6_RKS5_PSH_
FNDA:0,_ZN7testing8internal11MatcherBaseISt17basic_string_viewIcSt11char_traitsIcEEE19MatchAndExplainImplINS6_11ValuePolicyINS0_9EqMatcherINSt7__cxx1112basic_stringIcS4_SaIcEEEEELb0EEEEEDTcldtclsrT_3Getfp_E15MatchAndExplainfp0_clptfp1_L_ZNS_19MatchResultListener6streamEvEEEERKS6_RKS5_PSH_
FN:333,_ZN7testing8internal11MatcherBaseIRKNSt7__cxx1112basic_stringIcSt11char_traitsIcESaIcEEEE19MatchAndExplainImplINSA_11ValuePolicyINS0_9EqMatcherIS7_EELb0EEEEEDTcldtclsrT_3Getfp_E15MatchAndExplainfp0_clptfp1_L_ZNS_19MatchResultListener6streamEvEEEERKSA_S9_PSH_
FNDA:0,_ZN7testing8internal11MatcherBaseIRKNSt7__cxx1112basic_stringIcSt11char_traitsIcESaIcEEEE19MatchAndExplainImplINSA_11ValuePolicyINS0_9EqMatcherIS7_EELb0EEEEEDTcldtclsrT_3Getfp_E15MatchAndExplainfp0_clptfp1_L_ZNS_19MatchResultListener6streamEvEEEERKSA_S9_PSH_
FN:333,_ZN7testing8internal11MatcherBaseIRKSt17basic_string_viewIcSt11char_traitsIcEEE19MatchAndExplainImplINS8_11ValuePolicyINS0_9EqMatcherINSt7__cxx1112basic_stringIcS4_SaIcEEEEELb0EEEEEDTcldtclsrT_3Getfp_E15MatchAndExplainfp0_clptfp1_L_ZNS_19MatchResultListener6streamEvEEEERKS8_S7_PSJ_
FNDA:0,_ZN7testing8internal11MatcherBaseIRKSt17basic_string_viewIcSt11char_traitsIcEEE19MatchAndExplainImplINS8_11ValuePolicyINS0_9EqMatcherINSt7__cxx1112basic_stringIcS4_SaIcEEEEELb0EEEEEDTcldtclsrT_3Getfp_E15MatchAndExplainfp0_clptfp1_L_ZNS_19MatchResultListener6streamEvEEEERKS8_S7_PSJ_
FN:333,_ZN7testing8internal11MatcherBaseINSt7__cxx1112basic_stringIcSt11char_traitsIcESaIcEEEE19MatchAndExplainImplINS8_11ValuePolicyINS0_9EqMatcherIS7_EELb0EEEEEDTcldtclsrT_3Getfp_E15MatchAndExplainfp0_clptfp1_L_ZNS_19MatchResultListener6streamEvEEEERKS8_RKS7_PSF_
FNDA:0,_ZN7testing8internal11MatcherBaseINSt7__cxx1112basic_stringIcSt11char_traitsIcESaIcEEEE19MatchAndExplainImplINS8_11ValuePolicyINS0_9EqMatcherIS7_EELb0EEEEEDTcldtclsrT_3Getfp_E15MatchAndExplainfp0_clptfp1_L_ZNS_19MatchResultListener6streamEvEEEERKS8_RKS7_PSF_
FN:347,_ZN7testing8internal11MatcherBaseISt17basic_string_viewIcSt11char_traitsIcEEE12DescribeImplINS6_11ValuePolicyINS0_9EqMatcherINSt7__cxx1112basic_stringIcS4_SaIcEEEEELb0EEEEEvRKS6_PSob
FNDA:0,_ZN7testing8internal11MatcherBaseISt17basic_string_viewIcSt11char_traitsIcEEE12DescribeImplINS6_11ValuePolicyINS0_9EqMatcherINSt7__cxx1112basic_stringIcS4_SaIcEEEEELb0EEEEEvRKS6_PSob
FN:347,_ZN7testing8internal11MatcherBaseIRKNSt7__cxx1112basic_stringIcSt11char_traitsIcESaIcEEEE12DescribeImplINSA_11ValuePolicyINS0_9EqMatcherIS7_EELb0EEEEEvRKSA_PSob
FNDA:0,_ZN7testing8internal11MatcherBaseIRKNSt7__cxx1112basic_stringIcSt11char_traitsIcESaIcEEEE12DescribeImplINSA_11ValuePolicyINS0_9EqMatcherIS7_EELb0EEEEEvRKSA_PSob
FN:347,_ZN7testing8internal11MatcherBaseIRKSt17basic_string_viewIcSt11char_traitsIcEEE12DescribeImplINS8_11ValuePolicyINS0_9EqMatcherINSt7__cxx1112basic_stringIcS4_SaIcEEEEELb0EEEEEvRKS8_PSob
FNDA:0,_ZN7testing8internal11MatcherBaseIRKSt17basic_string_viewIcSt11char_traitsIcEEE12DescribeImplINS8_11ValuePolicyINS0_9EqMatcherINSt7__cxx1112basic_stringIcS4_SaIcEEEEELb0EEEEEvRKS8_PSob
FN:347,_ZN7testing8internal11MatcherBaseINSt7__cxx1112basic_stringIcSt11char_traitsIcESaIcEEEE12DescribeImplINS8_11ValuePolicyINS0_9EqMatcherIS7_EELb0EEEEEvRKS8_PSob
FNDA:0,_ZN7testing8internal11MatcherBaseINSt7__cxx1112basic_stringIcSt11char_traitsIcESaIcEEEE12DescribeImplINS8_11ValuePolicyINS0_9EqMatcherIS7_EELb0EEEEEvRKS8_PSob
FN:357,_ZN7testing8internal11MatcherBaseISt17basic_string_viewIcSt11char_traitsIcEEE16GetDescriberImplINS6_11ValuePolicyINS0_9EqMatcherINSt7__cxx1112basic_stringIcS4_SaIcEEEEELb0EEEEEPKNS_25MatcherDescriberInterfaceERKS6_
FNDA:0,_ZN7testing8internal11MatcherBaseISt17basic_string_viewIcSt11char_traitsIcEEE16GetDescriberImplINS6_11ValuePolicyINS0_9EqMatcherINSt7__cxx1112basic_stringIcS4_SaIcEEEEELb0EEEEEPKNS_25MatcherDescriberInterfaceERKS6_
FN:357,_ZN7testing8internal11MatcherBaseIRKNSt7__cxx1112basic_stringIcSt11char_traitsIcESaIcEEEE16GetDescriberImplINSA_11ValuePolicyINS0_9EqMatcherIS7_EELb0EEEEEPKNS_25MatcherDescriberInterfaceERKSA_
FNDA:0,_ZN7testing8internal11MatcherBaseIRKNSt7__cxx1112basic_stringIcSt11char_traitsIcESaIcEEEE16GetDescriberImplINSA_11ValuePolicyINS0_9EqMatcherIS7_EELb0EEEEEPKNS_25MatcherDescriberInterfaceERKSA_
FN:357,_ZN7testing8internal11MatcherBaseINSt7__cxx1112basic_stringIcSt11char_traitsIcESaIcEEEE16GetDescriberImplINS8_11ValuePolicyINS0_9EqMatcherIS7_EELb0EEEEEPKNS_25MatcherDescriberInterfaceERKS8_
FNDA:0,_ZN7testing8internal11MatcherBaseINSt7__cxx1112basic_stringIcSt11char_traitsIcESaIcEEEE16GetDescriberImplINS8_11ValuePolicyINS0_9EqMatcherIS7_EELb0EEEEEPKNS_25MatcherDescriberInterfaceERKS8_
FN:357,_ZN7testing8internal11MatcherBaseIRKSt17basic_string_viewIcSt11char_traitsIcEEE16GetDescriberImplINS8_11ValuePolicyINS0_9EqMatcherINSt7__cxx1112basic_stringIcS4_SaIcEEEEELb0EEEEEPKNS_25MatcherDescriberInterfaceERKS8_
FNDA:0,_ZN7testing8internal11MatcherBaseIRKSt17basic_string_viewIcSt11char_traitsIcEEE16GetDescriberImplINS8_11ValuePolicyINS0_9EqMatcherINSt7__cxx1112basic_stringIcS4_SaIcEEEEELb0EEEEEPKNS_25MatcherDescriberInterfaceERKS8_
FN:373,_ZN7testing8internal11MatcherBaseIRKNSt7__cxx1112basic_stringIcSt11char_traitsIcESaIcEEEE9GetVTableINSA_11ValuePolicyINS0_9EqMatcherIS7_EELb0EEEEEPKNSA_6VTableEv
FNDA:0,_ZN7testing8internal11MatcherBaseIRKNSt7__cxx1112basic_stringIcSt11char_traitsIcESaIcEEEE9GetVTableINSA_11ValuePolicyINS0_9EqMatcherIS7_EELb0EEEEEPKNSA_6VTableEv
FN:373,_ZN7testing8internal11MatcherBaseINSt7__cxx1112basic_stringIcSt11char_traitsIcESaIcEEEE9GetVTableINS8_11ValuePolicyINS0_9EqMatcherIS7_EELb0EEEEEPKNS8_6VTableEv
FNDA:0,_ZN7testing8internal11MatcherBaseINSt7__cxx1112basic_stringIcSt11char_traitsIcESaIcEEEE9GetVTableINS8_11ValuePolicyINS0_9EqMatcherIS7_EELb0EEEEEPKNS8_6VTableEv
FN:373,_ZN7testing8internal11MatcherBaseISt17basic_string_viewIcSt11char_traitsIcEEE9GetVTableINS6_11ValuePolicyINS0_9EqMatcherINSt7__cxx1112basic_stringIcS4_SaIcEEEEELb0EEEEEPKNS6_6VTableEv
FNDA:0,_ZN7testing8internal11MatcherBaseISt17basic_string_viewIcSt11char_traitsIcEEE9GetVTableINS6_11ValuePolicyINS0_9EqMatcherINSt7__cxx1112basic_stringIcS4_SaIcEEEEELb0EEEEEPKNS6_6VTableEv
FN:373,_ZN7testing8internal11MatcherBaseIRKSt17basic_string_viewIcSt11char_traitsIcEEE9GetVTableINS8_11ValuePolicyINS0_9EqMatcherINSt7__cxx1112basic_stringIcS4_SaIcEEEEELb0EEEEEPKNS8_6VTableEv
FNDA:0,_ZN7testing8internal11MatcherBaseIRKSt17basic_string_viewIcSt11char_traitsIcEEE9GetVTableINS8_11ValuePolicyINS0_9EqMatcherINSt7__cxx1112basic_stringIcS4_SaIcEEEEELb0EEEEEPKNS8_6VTableEv
FN:389,_ZN7testing8internal11MatcherBaseINSt7__cxx1112basic_stringIcSt11char_traitsIcESaIcEEEE7DestroyEv
FNDA:0,_ZN7testing8internal11MatcherBaseINSt7__cxx1112basic_stringIcSt11char_traitsIcESaIcEEEE7DestroyEv
FN:389,_ZN7testing8internal11MatcherBaseIRKNSt7__cxx1112basic_stringIcSt11char_traitsIcESaIcEEEE7DestroyEv
FNDA:0,_ZN7testing8internal11MatcherBaseIRKNSt7__cxx1112basic_stringIcSt11char_traitsIcESaIcEEEE7DestroyEv
FN:389,_ZN7testing8internal11MatcherBaseIRKSt17basic_string_viewIcSt11char_traitsIcEEE7DestroyEv
FNDA:0,_ZN7testing8internal11MatcherBaseIRKSt17basic_string_viewIcSt11char_traitsIcEEE7DestroyEv
FN:389,_ZN7testing8internal11MatcherBaseISt17basic_string_viewIcSt11char_traitsIcEEE7DestroyEv
FNDA:0,_ZN7testing8internal11MatcherBaseISt17basic_string_viewIcSt11char_traitsIcEEE7DestroyEv
FN:420,_ZN7testing8internal11MatcherBaseISt17basic_string_viewIcSt11char_traitsIcEEE11ValuePolicyINS0_9EqMatcherINSt7__cxx1112basic_stringIcS4_SaIcEEEEELb0EE3GetERKS6_
FNDA:0,_ZN7testing8internal11MatcherBaseISt17basic_string_viewIcSt11char_traitsIcEEE11ValuePolicyINS0_9EqMatcherINSt7__cxx1112basic_stringIcS4_SaIcEEEEELb0EE3GetERKS6_
FN:420,_ZN7testing8internal11MatcherBaseIRKSt17basic_string_viewIcSt11char_traitsIcEEE11ValuePolicyINS0_9EqMatcherINSt7__cxx1112basic_stringIcS4_SaIcEEEEELb0EE3GetERKS8_
FNDA:0,_ZN7testing8internal11MatcherBaseIRKSt17basic_string_viewIcSt11char_traitsIcEEE11ValuePolicyINS0_9EqMatcherINSt7__cxx1112basic_stringIcS4_SaIcEEEEELb0EE3GetERKS8_
FN:420,_ZN7testing8internal11MatcherBaseIRKNSt7__cxx1112basic_stringIcSt11char_traitsIcESaIcEEEE11ValuePolicyINS0_9EqMatcherIS7_EELb0EE3GetERKSA_
FNDA:0,_ZN7testing8internal11MatcherBaseIRKNSt7__cxx1112basic_stringIcSt11char_traitsIcESaIcEEEE11ValuePolicyINS0_9EqMatcherIS7_EELb0EE3GetERKSA_
FN:420,_ZN7testing8internal11MatcherBaseINSt7__cxx1112basic_stringIcSt11char_traitsIcESaIcEEEE11ValuePolicyINS0_9EqMatcherIS7_EELb0EE3GetERKS8_
FNDA:0,_ZN7testing8internal11MatcherBaseINSt7__cxx1112basic_stringIcSt11char_traitsIcESaIcEEEE11ValuePolicyINS0_9EqMatcherIS7_EELb0EE3GetERKS8_
FN:424,_ZN7testing8internal11MatcherBaseINSt7__cxx1112basic_stringIcSt11char_traitsIcESaIcEEEE11ValuePolicyINS0_9EqMatcherIS7_EELb0EE4InitISB_EEvRS8_OT_
FNDA:0,_ZN7testing8internal11MatcherBaseINSt7__cxx1112basic_stringIcSt11char_traitsIcESaIcEEEE11ValuePolicyINS0_9EqMatcherIS7_EELb0EE4InitISB_EEvRS8_OT_
FN:424,_ZN7testing8internal11MatcherBaseISt17basic_string_viewIcSt11char_traitsIcEEE11ValuePolicyINS0_9EqMatcherINSt7__cxx1112basic_stringIcS4_SaIcEEEEELb0EE4InitISD_EEvRS6_OT_
FNDA:0,_ZN7testing8internal11MatcherBaseISt17basic_string_viewIcSt11char_traitsIcEEE11ValuePolicyINS0_9EqMatcherINSt7__cxx1112basic_stringIcS4_SaIcEEEEELb0EE4InitISD_EEvRS6_OT_
FN:424,_ZN7testing8internal11MatcherBaseIRKSt17basic_string_viewIcSt11char_traitsIcEEE11ValuePolicyINS0_9EqMatcherINSt7__cxx1112basic_stringIcS4_SaIcEEEEELb0EE4InitISF_EEvRS8_OT_
FNDA:0,_ZN7testing8internal11MatcherBaseIRKSt17basic_string_viewIcSt11char_traitsIcEEE11ValuePolicyINS0_9EqMatcherINSt7__cxx1112basic_stringIcS4_SaIcEEEEELb0EE4InitISF_EEvRS8_OT_
FN:424,_ZN7testing8internal11MatcherBaseIRKNSt7__cxx1112basic_stringIcSt11char_traitsIcESaIcEEEE11ValuePolicyINS0_9EqMatcherIS7_EELb0EE4InitISD_EEvRSA_OT_
FNDA:0,_ZN7testing8internal11MatcherBaseIRKNSt7__cxx1112basic_stringIcSt11char_traitsIcESaIcEEEE11ValuePolicyINS0_9EqMatcherIS7_EELb0EE4InitISD_EEvRSA_OT_
FN:445,_ZN7testing8internal11MatcherBaseIRKSt17basic_string_viewIcSt11char_traitsIcEEE4InitINS0_9EqMatcherINSt7__cxx1112basic_stringIcS4_SaIcEEEEEEEvOT_
FNDA:0,_ZN7testing8internal11MatcherBaseIRKSt17basic_string_viewIcSt11char_traitsIcEEE4InitINS0_9EqMatcherINSt7__cxx1112basic_stringIcS4_SaIcEEEEEEEvOT_
FN:445,_ZN7testing8internal11MatcherBaseIRKNSt7__cxx1112basic_stringIcSt11char_traitsIcESaIcEEEE4InitINS0_9EqMatcherIS7_EEEEvOT_
FNDA:0,_ZN7testing8internal11MatcherBaseIRKNSt7__cxx1112basic_stringIcSt11char_traitsIcESaIcEEEE4InitINS0_9EqMatcherIS7_EEEEvOT_
FN:445,_ZN7testing8internal11MatcherBaseINSt7__cxx1112basic_stringIcSt11char_traitsIcESaIcEEEE4InitINS0_9EqMatcherIS7_EEEEvOT_
FNDA:0,_ZN7testing8internal11MatcherBaseINSt7__cxx1112basic_stringIcSt11char_traitsIcESaIcEEEE4InitINS0_9EqMatcherIS7_EEEEvOT_
FN:445,_ZN7testing8internal11MatcherBaseISt17basic_string_viewIcSt11char_traitsIcEEE4InitINS0_9EqMatcherINSt7__cxx1112basic_stringIcS4_SaIcEEEEEEEvOT_
FNDA:0,_ZN7testing8internal11MatcherBaseISt17basic_string_viewIcSt11char_traitsIcEEE4InitINS0_9EqMatcherINSt7__cxx1112basic_stringIcS4_SaIcEEEEEEEvOT_
FN:504,_ZN7testing7MatcherIRKNSt7__cxx1112basic_stringIcSt11char_traitsIcESaIcEEEEC2INS_8internal9EqMatcherIS6_EEvEEOT_
FNDA:0,_ZN7testing7MatcherIRKNSt7__cxx1112basic_stringIcSt11char_traitsIcESaIcEEEEC2INS_8internal9EqMatcherIS6_EEvEEOT_
FN:528,_ZN7testing7MatcherINSt7__cxx1112basic_stringIcSt11char_traitsIcESaIcEEEEC2INS_8internal9EqMatcherIS6_EEvEEOT_
FNDA:0,_ZN7testing7MatcherINSt7__cxx1112basic_stringIcSt11char_traitsIcESaIcEEEEC2INS_8internal9EqMatcherIS6_EEvEEOT_
FN:554,_ZN7testing7MatcherIRKSt17basic_string_viewIcSt11char_traitsIcEEEC2INS_8internal9EqMatcherINSt7__cxx1112basic_stringIcS3_SaIcEEEEEvEEOT_
FNDA:0,_ZN7testing7MatcherIRKSt17basic_string_viewIcSt11char_traitsIcEEEC2INS_8internal9EqMatcherINSt7__cxx1112basic_stringIcS3_SaIcEEEEEvEEOT_
FN:582,_ZN7testing7MatcherISt17basic_string_viewIcSt11char_traitsIcEEEC2INS_8internal9EqMatcherINSt7__cxx1112basic_stringIcS3_SaIcEEEEEvEEOT_
FNDA:0,_ZN7testing7MatcherISt17basic_string_viewIcSt11char_traitsIcEEEC2INS_8internal9EqMatcherINSt7__cxx1112basic_stringIcS3_SaIcEEEEEvEEOT_
FN:694,_ZN7testing8internal14ComparisonBaseINS0_9EqMatcherINSt7__cxx1112basic_stringIcSt11char_traitsIcESaIcEEEEES8_St8equal_toIvEEC2ERKS8_
FNDA:0,_ZN7testing8internal14ComparisonBaseINS0_9EqMatcherINSt7__cxx1112basic_stringIcSt11char_traitsIcESaIcEEEEES8_St8equal_toIvEEC2ERKS8_
FN:699,_ZNK7testing8internal14ComparisonBaseINS0_9EqMatcherINSt7__cxx1112basic_stringIcSt11char_traitsIcESaIcEEEEES8_St8equal_toIvEE15MatchAndExplainIS8_EEbRKT_PSo
FNDA:0,_ZNK7testing8internal14ComparisonBaseINS0_9EqMatcherINSt7__cxx1112basic_stringIcSt11char_traitsIcESaIcEEEEES8_St8equal_toIvEE15MatchAndExplainIS8_EEbRKT_PSo
FN:699,_ZNK7testing8internal14ComparisonBaseINS0_9EqMatcherINSt7__cxx1112basic_stringIcSt11char_traitsIcESaIcEEEEES8_St8equal_toIvEE15MatchAndExplainISt17basic_string_viewIcS6_EEEbRKT_PSo
FNDA:0,_ZNK7testing8internal14ComparisonBaseINS0_9EqMatcherINSt7__cxx1112basic_stringIcSt11char_traitsIcESaIcEEEEES8_St8equal_toIvEE15MatchAndExplainISt17basic_string_viewIcS6_EEEbRKT_PSo
FN:702,_ZNK7testing8internal14ComparisonBaseINS0_9EqMatcherINSt7__cxx1112basic_stringIcSt11char_traitsIcESaIcEEEEES8_St8equal_toIvEE10DescribeToEPSo
FNDA:0,_ZNK7testing8internal14ComparisonBaseINS0_9EqMatcherINSt7__cxx1112basic_stringIcSt11char_traitsIcESaIcEEEEES8_St8equal_toIvEE10DescribeToEPSo
FN:706,_ZNK7testing8internal14ComparisonBaseINS0_9EqMatcherINSt7__cxx1112basic_stringIcSt11char_traitsIcESaIcEEEEES8_St8equal_toIvEE18DescribeNegationToEPSo
FNDA:0,_ZNK7testing8internal14ComparisonBaseINS0_9EqMatcherINSt7__cxx1112basic_stringIcSt11char_traitsIcESaIcEEEEES8_St8equal_toIvEE18DescribeNegationToEPSo
FN:713,_ZN7testing8internal14ComparisonBaseINS0_9EqMatcherINSt7__cxx1112basic_stringIcSt11char_traitsIcESaIcEEEEES8_St8equal_toIvEE6UnwrapIS8_EERKT_SG_
FNDA:0,_ZN7testing8internal14ComparisonBaseINS0_9EqMatcherINSt7__cxx1112basic_stringIcSt11char_traitsIcESaIcEEEEES8_St8equal_toIvEE6UnwrapIS8_EERKT_SG_
FN:727,_ZN7testing8internal9EqMatcherINSt7__cxx1112basic_stringIcSt11char_traitsIcESaIcEEEEC2ERKS7_
FNDA:0,_ZN7testing8internal9EqMatcherINSt7__cxx1112basic_stringIcSt11char_traitsIcESaIcEEEEC2ERKS7_
FN:729,_ZN7testing8internal9EqMatcherINSt7__cxx1112basic_stringIcSt11char_traitsIcESaIcEEEE4DescEv
FNDA:0,_ZN7testing8internal9EqMatcherINSt7__cxx1112basic_stringIcSt11char_traitsIcESaIcEEEE4DescEv
FN:730,_ZN7testing8internal9EqMatcherINSt7__cxx1112basic_stringIcSt11char_traitsIcESaIcEEEE11NegatedDescEv
FNDA:0,_ZN7testing8internal9EqMatcherINSt7__cxx1112basic_stringIcSt11char_traitsIcESaIcEEEE11NegatedDescEv
FN:891,_ZN7testing2EqINSt7__cxx1112basic_stringIcSt11char_traitsIcESaIcEEEEENS_8internal9EqMatcherIT_EES9_
FNDA:0,_ZN7testing2EqINSt7__cxx1112basic_stringIcSt11char_traitsIcESaIcEEEEENS_8internal9EqMatcherIT_EES9_
DA:83,0
DA:95,0
DA:110,0
DA:110,0
DA:116,0
DA:116,0
DA:131,0
DA:132,0
DA:133,0
DA:134,0
DA:135,0
DA:185,0
DA:209,0
DA:215,0
DA:217,0
DA:218,0
DA:219,0
DA:232,0
DA:233,0
DA:234,0
DA:238,0
DA:239,0
DA:240,0
DA:241,0
DA:244,0
DA:245,0
DA:246,0
DA:247,0
DA:244,0
DA:245,0
DA:246,0
DA:247,0
DA:244,0
DA:245,0
DA:246,0
DA:247,0
DA:244,0
DA:245,0
DA:246,0
DA:247,0
DA:250,0
DA:251,0
DA:252,0
DA:253,0
DA:250,0
DA:251,0
DA:252,0
DA:253,0
DA:250,0
DA:251,0
DA:252,0
DA:253,0
DA:250,0
DA:251,0
DA:252,0
DA:253,0
DA:270,0
DA:270,0
DA:270,0
DA:270,0
DA:281,0
DA:282,0
DA:283,0
DA:281,0
DA:282,0
DA:283,0
DA:281,0
DA:282,0
DA:283,0
DA:281,0
DA:282,0
DA:283,0
DA:299,0
DA:300,0
DA:301,0
DA:302,0
DA:304,0
DA:305,0
DA:306,0
DA:307,0
DA:308,0
DA:309,0
DA:310,0
DA:304,0
DA:305,0
DA:306,0
DA:307,0
DA:308,0
DA:309,0
DA:310,0
DA:304,0
DA:305,0
DA:306,0
DA:307,0
DA:308,0
DA:309,0
DA:310,0
DA:304,0
DA:305,0
DA:306,0
DA:307,0
DA:308,0
DA:309,0
DA:310,0
DA:313,0
DA:313,0
DA:313,0
DA:313,0
DA:313,0
DA:313,0
DA:313,0
DA:313,0
DA:327,0
DA:328,0
DA:327,0
DA:328,0
DA:327,0
DA:328,0
DA:327,0
DA:328,0
DA:333,0
DA:336,0
DA:333,0
DA:336,0
DA:333,0
DA:336,0
DA:333,0
DA:336,0
DA:347,0
DA:349,0
DA:350,0
DA:352,0
DA:354,0
DA:347,0
DA:349,0
DA:350,0
DA:352,0
DA:354,0
DA:347,0
DA:349,0
DA:350,0
DA:352,0
DA:354,0
DA:347,0
DA:349,0
DA:350,0
DA:352,0
DA:354,0
DA:357,0
DA:369,0
DA:357,0
DA:369,0
DA:357,0
DA:369,0
DA:357,0
DA:369,0
DA:373,0
DA:377,0
DA:373,0
DA:377,0
DA:373,0
DA:377,0
DA:373,0
DA:377,0
DA:389,0
DA:390,0
DA:391,0
DA:393,0
DA:389,0
DA:390,0
DA:391,0
DA:393,0
DA:389,0
DA:390,0
DA:391,0
DA:393,0
DA:389,0
DA:390,0
DA:391,0
DA:393,0
DA:420,0
DA:421,0
DA:420,0
DA:421,0
DA:420,0
DA:421,0
DA:420,0
DA:421,0
DA:424,0
DA:425,0
DA:426,0
DA:424,0
DA:425,0
DA:426,0
DA:424,0
DA:425,0
DA:426,0
DA:424,0
DA:425,0
DA:426,0
DA:445,0
DA:448,0
DA:449,0
DA:450,0
DA:445,0
DA:448,0
DA:449,0
DA:450,0
DA:445,0
DA:448,0
DA:449,0
DA:450,0
DA:445,0
DA:448,0
DA:449,0
DA:450,0
DA:504,0
DA:505,0
DA:528,0
DA:529,0
DA:554,0
DA:555,0
DA:556,0
DA:582,0
DA:583,0
DA:694,0
DA:699,0
DA:700,0
DA:699,0
DA:700,0
DA:702,0
DA:703,0
DA:704,0
DA:705,0
DA:706,0
DA:707,0
DA:708,0
DA:709,0
DA:713,0
DA:714,0
DA:727,0
DA:728,0
DA:729,0
DA:730,0
DA:891,0
DA:892,0
end_of_record
SF:/usr/include/c++/11/bits/cpp_type_traits.h
FN:560,_ZSt12__miter_baseIN9__gnu_cxx17__normal_iteratorIPKN7testing8internal13edit_distance8EditTypeESt6vectorIS5_SaIS5_EEEEET_SC_
FNDA:0,_ZSt12__miter_baseIN9__gnu_cxx17__normal_iteratorIPKN7testing8internal13edit_distance8EditTypeESt6vectorIS5_SaIS5_EEEEET_SC_
FN:560,_ZSt12__miter_baseIN9__gnu_cxx17__normal_iteratorIPKdSt6vectorIdSaIdEEEEET_S8_
[...]
FN:995,_ZNSt8_Rb_treeINSt7__cxx1112basic_stringIcSt11char_traitsIcESaIcEEESt4pairIKS5_mESt10_Select1stIS8_ESt4lessIS5_ESaIS8_EE5beginEv
FNDA:0,_ZNSt8_Rb_treeINSt7__cxx1112basic_stringIcSt11char_traitsIcESaIcEEESt4pairIKS5_mESt10_Select1stIS8_ESt4lessIS5_ESaIS8_EE5beginEv
FN:995,_ZNSt8_Rb_treeINSt7__cxx1112basic_stringIcSt11char_traitsIcESaIcEEES5_St9_IdentityIS5_ESt4lessIS5_ESaIS5_EE5beginEv
FNDA:0,_ZNSt8_Rb_treeINSt7__cxx1112basic_stringIcSt11char_traitsIcESaIcEEES5_St9_IdentityIS5_ESt4lessIS5_ESaIS5_EE5beginEv
FN:995,_ZNSt8_Rb_treeINSt7__cxx1112basic_stringIcSt11char_traitsIcESaIcEEESt4pairIKS5_N7testing8internal34TypeParameterizedTestSuiteRegistry30TypeParameterizedTestSuiteInfoEESt10_Select1stISC_ESt4lessIS5_ESaISC_EE5beginEv
FNDA:1,_ZNSt8_Rb_treeINSt7__cxx1112basic_stringIcSt11char_traitsIcESaIcEEESt4pairIKS5_N7testing8internal34TypeParameterizedTestSuiteRegistry30TypeParameterizedTestSuiteInfoEESt10_Select1stISC_ESt4lessIS5_ESaISC_EE5beginEv
FN:1003,_ZNSt8_Rb_treeINSt7__cxx1112basic_stringIcSt11char_traitsIcESaIcEEESt4pairIKS5_N7testing8internal12CodeLocationEESt10_Select1stISB_ESt4lessIvESaISB_EE3endEv
FNDA:0,_ZNSt8_Rb_treeINSt7__cxx1112basic_stringIcSt11char_traitsIcESaIcEEESt4pairIKS5_N7testing8internal12CodeLocationEESt10_Select1stISB_ESt4lessIvESaISB_EE3endEv
FN:1003,_ZNSt8_Rb_treeINSt7__cxx1112basic_stringIcSt11char_traitsIcESaIcEEESt4pairIKS5_mESt10_Select1stIS8_ESt4lessIS5_ESaIS8_EE3endEv
FNDA:0,_ZNSt8_Rb_treeINSt7__cxx1112basic_stringIcSt11char_traitsIcESaIcEEESt4pairIKS5_mESt10_Select1stIS8_ESt4lessIS5_ESaIS8_EE3endEv
FN:1003,_ZNSt8_Rb_treeINSt7__cxx1112basic_stringIcSt11char_traitsIcESaIcEEESt4pairIKS5_N7testing8internal34TypeParameterizedTestSuiteRegistry30TypeParameterizedTestSuiteInfoEESt10_Select1stISC_ESt4lessIS5_ESaISC_EE3endEv
FNDA:1,_ZNSt8_Rb_treeINSt7__cxx1112basic_stringIcSt11char_traitsIcESaIcEEESt4pairIKS5_N7testing8internal34TypeParameterizedTestSuiteRegistry30TypeParameterizedTestSuiteInfoEESt10_Select1stISC_ESt4lessIS5_ESaISC_EE3endEv
FN:1007,_ZNKSt8_Rb_treeINSt7__cxx1112basic_stringIcSt11char_traitsIcESaIcEEES5_St9_IdentityIS5_ESt4lessIS5_ESaIS5_EE3endEv
FNDA:0,_ZNKSt8_Rb_treeINSt7__cxx1112basic_stringIcSt11char_traitsIcESaIcEEES5_St9_IdentityIS5_ESt4lessIS5_ESaIS5_EE3endEv
FN:1007,_ZNKSt8_Rb_treeINSt7__cxx1112basic_stringIcSt11char_traitsIcESaIcEEESt4pairIKS5_N7testing8internal12CodeLocationEESt10_Select1stISB_ESt4lessIvESaISB_EE3endEv
FNDA:0,_ZNKSt8_Rb_treeINSt7__cxx1112basic_stringIcSt11char_traitsIcESaIcEEESt4pairIKS5_N7testing8internal12CodeLocationEESt10_Select1stISB_ESt4lessIvESaISB_EE3endEv
FN:1031,_ZNKSt8_Rb_treeINSt7__cxx1112basic_stringIcSt11char_traitsIcESaIcEEESt4pairIKS5_mESt10_Select1stIS8_ESt4lessIS5_ESaIS8_EE4sizeEv
FNDA:0,_ZNKSt8_Rb_treeINSt7__cxx1112basic_stringIcSt11char_traitsIcESaIcEEESt4pairIKS5_mESt10_Select1stIS8_ESt4lessIS5_ESaIS8_EE4sizeEv
FN:1269,_ZNSt8_Rb_treeINSt7__cxx1112basic_stringIcSt11char_traitsIcESaIcEEESt4pairIKS5_mESt10_Select1stIS8_ESt4lessIS5_ESaIS8_EE11lower_boundERS7_
FNDA:0,_ZNSt8_Rb_treeINSt7__cxx1112basic_stringIcSt11char_traitsIcESaIcEEESt4pairIKS5_mESt10_Select1stIS8_ESt4lessIS5_ESaIS8_EE11lower_boundERS7_
FN:1771,_ZNSt8_Rb_treeINSt7__cxx1112basic_stringIcSt11char_traitsIcESaIcEEES5_St9_IdentityIS5_ESt4lessIS5_ESaIS5_EE10_M_insert_IS5_NSB_11_Alloc_nodeEEESt17_Rb_tree_iteratorIS5_EPSt18_Rb_tree_node_baseSH_OT_RT0_
FNDA:0,_ZNSt8_Rb_treeINSt7__cxx1112basic_stringIcSt11char_traitsIcESaIcEEES5_St9_IdentityIS5_ESt4lessIS5_ESaIS5_EE10_M_insert_IS5_NSB_11_Alloc_nodeEEESt17_Rb_tree_iteratorIS5_EPSt18_Rb_tree_node_baseSH_OT_RT0_
FN:1771,_ZNSt8_Rb_treeINSt7__cxx1112basic_stringIcSt11char_traitsIcESaIcEEES5_St9_IdentityIS5_ESt4lessIS5_ESaIS5_EE10_M_insert_IRKS5_NSB_11_Alloc_nodeEEESt17_Rb_tree_iteratorIS5_EPSt18_Rb_tree_node_baseSJ_OT_RT0_
FNDA:0,_ZNSt8_Rb_treeINSt7__cxx1112basic_stringIcSt11char_traitsIcESaIcEEES5_St9_IdentityIS5_ESt4lessIS5_ESaIS5_EE10_M_insert_IRKS5_NSB_11_Alloc_nodeEEESt17_Rb_tree_iteratorIS5_EPSt18_Rb_tree_node_baseSJ_OT_RT0_
FN:1883,_ZNSt8_Rb_treeINSt7__cxx1112basic_stringIcSt11char_traitsIcESaIcEEES5_St9_IdentityIS5_ESt4lessIS5_ESaIS5_EE8_M_eraseEPSt13_Rb_tree_nodeIS5_E
FNDA:1,_ZNSt8_Rb_treeINSt7__cxx1112basic_stringIcSt11char_traitsIcESaIcEEES5_St9_IdentityIS5_ESt4lessIS5_ESaIS5_EE8_M_eraseEPSt13_Rb_tree_nodeIS5_E
FN:1883,_ZNSt8_Rb_treeINSt7__cxx1112basic_stringIcSt11char_traitsIcESaIcEEESt4pairIKS5_mESt10_Select1stIS8_ESt4lessIS5_ESaIS8_EE8_M_eraseEPSt13_Rb_tree_nodeIS8_E
FNDA:0,_ZNSt8_Rb_treeINSt7__cxx1112basic_stringIcSt11char_traitsIcESaIcEEESt4pairIKS5_mESt10_Select1stIS8_ESt4lessIS5_ESaIS8_EE8_M_eraseEPSt13_Rb_tree_nodeIS8_E
FN:1883,_ZNSt8_Rb_treeINSt7__cxx1112basic_stringIcSt11char_traitsIcESaIcEEESt4pairIKS5_N7testing8internal34TypeParameterizedTestSuiteRegistry30TypeParameterizedTestSuiteInfoEESt10_Select1stISC_ESt4lessIS5_ESaISC_EE8_M_eraseEPSt13_Rb_tree_nodeISC_E
FNDA:1,_ZNSt8_Rb_treeINSt7__cxx1112basic_stringIcSt11char_traitsIcESaIcEEESt4pairIKS5_N7testing8internal34TypeParameterizedTestSuiteRegistry30TypeParameterizedTestSuiteInfoEESt10_Select1stISC_ESt4lessIS5_ESaISC_EE8_M_eraseEPSt13_Rb_tree_nodeISC_E
FN:1900,_ZNSt8_Rb_treeINSt7__cxx1112basic_stringIcSt11char_traitsIcESaIcEEESt4pairIKS5_mESt10_Select1stIS8_ESt4lessIS5_ESaIS8_EE14_M_lower_boundEPSt13_Rb_tree_nodeIS8_EPSt18_Rb_tree_node_baseRS7_
FNDA:0,_ZNSt8_Rb_treeINSt7__cxx1112basic_stringIcSt11char_traitsIcESaIcEEESt4pairIKS5_mESt10_Select1stIS8_ESt4lessIS5_ESaIS8_EE14_M_lower_boundEPSt13_Rb_tree_nodeIS8_EPSt18_Rb_tree_node_baseRS7_
FN:1900,_ZNSt8_Rb_treeINSt7__cxx1112basic_stringIcSt11char_traitsIcESaIcEEESt4pairIKS5_N7testing8internal34TypeParameterizedTestSuiteRegistry30TypeParameterizedTestSuiteInfoEESt10_Select1stISC_ESt4lessIS5_ESaISC_EE14_M_lower_boundEPSt13_Rb_tree_nodeISC_EPSt18_Rb_tree_node_baseRS7_
FNDA:0,_ZNSt8_Rb_treeINSt7__cxx1112basic_stringIcSt11char_traitsIcESaIcEEESt4pairIKS5_N7testing8internal34TypeParameterizedTestSuiteRegistry30TypeParameterizedTestSuiteInfoEESt10_Select1stISC_ESt4lessIS5_ESaISC_EE14_M_lower_boundEPSt13_Rb_tree_nodeISC_EPSt18_Rb_tree_node_baseRS7_
FN:1916,_ZNKSt8_Rb_treeINSt7__cxx1112basic_stringIcSt11char_traitsIcESaIcEEESt4pairIKS5_N7testing8internal12CodeLocationEESt10_Select1stISB_ESt4lessIvESaISB_EE14_M_lower_boundEPKSt13_Rb_tree_nodeISB_EPKSt18_Rb_tree_node_baseRS7_
FNDA:0,_ZNKSt8_Rb_treeINSt7__cxx1112basic_stringIcSt11char_traitsIcESaIcEEESt4pairIKS5_N7testing8internal12CodeLocationEESt10_Select1stISB_ESt4lessIvESaISB_EE14_M_lower_boundEPKSt13_Rb_tree_nodeISB_EPKSt18_Rb_tree_node_baseRS7_
FN:1916,_ZNKSt8_Rb_treeINSt7__cxx1112basic_stringIcSt11char_traitsIcESaIcEEES5_St9_IdentityIS5_ESt4lessIS5_ESaIS5_EE14_M_lower_boundEPKSt13_Rb_tree_nodeIS5_EPKSt18_Rb_tree_node_baseRKS5_
FNDA:0,_ZNKSt8_Rb_treeINSt7__cxx1112basic_stringIcSt11char_traitsIcESaIcEEES5_St9_IdentityIS5_ESt4lessIS5_ESaIS5_EE14_M_lower_boundEPKSt13_Rb_tree_nodeIS5_EPKSt18_Rb_tree_node_baseRKS5_
FN:2061,_ZNSt8_Rb_treeINSt7__cxx1112basic_stringIcSt11char_traitsIcESaIcEEESt4pairIKS5_N7testing8internal34TypeParameterizedTestSuiteRegistry30TypeParameterizedTestSuiteInfoEESt10_Select1stISC_ESt4lessIS5_ESaISC_EE24_M_get_insert_unique_posERS7_
FNDA:0,_ZNSt8_Rb_treeINSt7__cxx1112basic_stringIcSt11char_traitsIcESaIcEEESt4pairIKS5_N7testing8internal34TypeParameterizedTestSuiteRegistry30TypeParameterizedTestSuiteInfoEESt10_Select1stISC_ESt4lessIS5_ESaISC_EE24_M_get_insert_unique_posERS7_
FN:2061,_ZNSt8_Rb_treeINSt7__cxx1112basic_stringIcSt11char_traitsIcESaIcEEESt4pairIKS5_mESt10_Select1stIS8_ESt4lessIS5_ESaIS8_EE24_M_get_insert_unique_posERS7_
FNDA:0,_ZNSt8_Rb_treeINSt7__cxx1112basic_stringIcSt11char_traitsIcESaIcEEESt4pairIKS5_mESt10_Select1stIS8_ESt4lessIS5_ESaIS8_EE24_M_get_insert_unique_posERS7_
FN:2061,_ZNSt8_Rb_treeINSt7__cxx1112basic_stringIcSt11char_traitsIcESaIcEEES5_St9_IdentityIS5_ESt4lessIS5_ESaIS5_EE24_M_get_insert_unique_posERKS5_
FNDA:0,_ZNSt8_Rb_treeINSt7__cxx1112basic_stringIcSt11char_traitsIcESaIcEEES5_St9_IdentityIS5_ESt4lessIS5_ESaIS5_EE24_M_get_insert_unique_posERKS5_
FN:2115,_ZNSt8_Rb_treeINSt7__cxx1112basic_stringIcSt11char_traitsIcESaIcEEES5_St9_IdentityIS5_ESt4lessIS5_ESaIS5_EE16_M_insert_uniqueIRKS5_EESt4pairISt17_Rb_tree_iteratorIS5_EbEOT_
FNDA:0,_ZNSt8_Rb_treeINSt7__cxx1112basic_stringIcSt11char_traitsIcESaIcEEES5_St9_IdentityIS5_ESt4lessIS5_ESaIS5_EE16_M_insert_uniqueIRKS5_EESt4pairISt17_Rb_tree_iteratorIS5_EbEOT_
FN:2115,_ZNSt8_Rb_treeINSt7__cxx1112basic_stringIcSt11char_traitsIcESaIcEEES5_St9_IdentityIS5_ESt4lessIS5_ESaIS5_EE16_M_insert_uniqueIS5_EESt4pairISt17_Rb_tree_iteratorIS5_EbEOT_
FNDA:0,_ZNSt8_Rb_treeINSt7__cxx1112basic_stringIcSt11char_traitsIcESaIcEEES5_St9_IdentityIS5_ESt4lessIS5_ESaIS5_EE16_M_insert_uniqueIS5_EESt4pairISt17_Rb_tree_iteratorIS5_EbEOT_
FN:2163,_ZNSt8_Rb_treeINSt7__cxx1112basic_stringIcSt11char_traitsIcESaIcEEESt4pairIKS5_mESt10_Select1stIS8_ESt4lessIS5_ESaIS8_EE29_M_get_insert_hint_unique_posESt23_Rb_tree_const_iteratorIS8_ERS7_
FNDA:0,_ZNSt8_Rb_treeINSt7__cxx1112basic_stringIcSt11char_traitsIcESaIcEEESt4pairIKS5_mESt10_Select1stIS8_ESt4lessIS5_ESaIS8_EE29_M_get_insert_hint_unique_posESt23_Rb_tree_const_iteratorIS8_ERS7_
FN:2330,_ZNSt8_Rb_treeINSt7__cxx1112basic_stringIcSt11char_traitsIcESaIcEEESt4pairIKS5_mESt10_Select1stIS8_ESt4lessIS5_ESaIS8_EE14_M_insert_nodeEPSt18_Rb_tree_node_baseSG_PSt13_Rb_tree_nodeIS8_E
FNDA:0,_ZNSt8_Rb_treeINSt7__cxx1112basic_stringIcSt11char_traitsIcESaIcEEESt4pairIKS5_mESt10_Select1stIS8_ESt4lessIS5_ESaIS8_EE14_M_insert_nodeEPSt18_Rb_tree_node_baseSG_PSt13_Rb_tree_nodeIS8_E
FN:2330,_ZNSt8_Rb_treeINSt7__cxx1112basic_stringIcSt11char_traitsIcESaIcEEESt4pairIKS5_N7testing8internal34TypeParameterizedTestSuiteRegistry30TypeParameterizedTestSuiteInfoEESt10_Select1stISC_ESt4lessIS5_ESaISC_EE14_M_insert_nodeEPSt18_Rb_tree_node_baseSK_PSt13_Rb_tree_nodeISC_E
FNDA:0,_ZNSt8_Rb_treeINSt7__cxx1112basic_stringIcSt11char_traitsIcESaIcEEESt4pairIKS5_N7testing8internal34TypeParameterizedTestSuiteRegistry30TypeParameterizedTestSuiteInfoEESt10_Select1stISC_ESt4lessIS5_ESaISC_EE14_M_insert_nodeEPSt18_Rb_tree_node_baseSK_PSt13_Rb_tree_nodeISC_E
FN:2381,_ZNSt8_Rb_treeINSt7__cxx1112basic_stringIcSt11char_traitsIcESaIcEEESt4pairIKS5_N7testing8internal34TypeParameterizedTestSuiteRegistry30TypeParameterizedTestSuiteInfoEESt10_Select1stISC_ESt4lessIS5_ESaISC_EE17_M_emplace_uniqueIJS5_SB_EEES6_ISt17_Rb_tree_iteratorISC_EbEDpOT_
FNDA:0,_ZNSt8_Rb_treeINSt7__cxx1112basic_stringIcSt11char_traitsIcESaIcEEESt4pairIKS5_N7testing8internal34TypeParameterizedTestSuiteRegistry30TypeParameterizedTestSuiteInfoEESt10_Select1stISC_ESt4lessIS5_ESaISC_EE17_M_emplace_uniqueIJS5_SB_EEES6_ISt17_Rb_tree_iteratorISC_EbEDpOT_
FN:2428,_ZNSt8_Rb_treeINSt7__cxx1112basic_stringIcSt11char_traitsIcESaIcEEESt4pairIKS5_mESt10_Select1stIS8_ESt4lessIS5_ESaIS8_EE22_M_emplace_hint_uniqueIJRKSt21piecewise_construct_tSt5tupleIJRS7_EESJ_IJEEEEESt17_Rb_tree_iteratorIS8_ESt23_Rb_tree_const_iteratorIS8_EDpOT_
FNDA:0,_ZNSt8_Rb_treeINSt7__cxx1112basic_stringIcSt11char_traitsIcESaIcEEESt4pairIKS5_mESt10_Select1stIS8_ESt4lessIS5_ESaIS8_EE22_M_emplace_hint_uniqueIJRKSt21piecewise_construct_tSt5tupleIJRS7_EESJ_IJEEEEESt17_Rb_tree_iteratorIS8_ESt23_Rb_tree_const_iteratorIS8_EDpOT_
FN:2520,_ZNSt8_Rb_treeINSt7__cxx1112basic_stringIcSt11char_traitsIcESaIcEEESt4pairIKS5_mESt10_Select1stIS8_ESt4lessIS5_ESaIS8_EE4findERS7_
FNDA:0,_ZNSt8_Rb_treeINSt7__cxx1112basic_stringIcSt11char_traitsIcESaIcEEESt4pairIKS5_mESt10_Select1stIS8_ESt4lessIS5_ESaIS8_EE4findERS7_
FN:2520,_ZNSt8_Rb_treeINSt7__cxx1112basic_stringIcSt11char_traitsIcESaIcEEESt4pairIKS5_N7testing8internal34TypeParameterizedTestSuiteRegistry30TypeParameterizedTestSuiteInfoEESt10_Select1stISC_ESt4lessIS5_ESaISC_EE4findERS7_
FNDA:0,_ZNSt8_Rb_treeINSt7__cxx1112basic_stringIcSt11char_traitsIcESaIcEEESt4pairIKS5_N7testing8internal34TypeParameterizedTestSuiteRegistry30TypeParameterizedTestSuiteInfoEESt10_Select1stISC_ESt4lessIS5_ESaISC_EE4findERS7_
FN:2533,_ZNKSt8_Rb_treeINSt7__cxx1112basic_stringIcSt11char_traitsIcESaIcEEES5_St9_IdentityIS5_ESt4lessIS5_ESaIS5_EE4findERKS5_
FNDA:0,_ZNKSt8_Rb_treeINSt7__cxx1112basic_stringIcSt11char_traitsIcESaIcEEES5_St9_IdentityIS5_ESt4lessIS5_ESaIS5_EE4findERKS5_
FN:2533,_ZNKSt8_Rb_treeINSt7__cxx1112basic_stringIcSt11char_traitsIcESaIcEEESt4pairIKS5_N7testing8internal12CodeLocationEESt10_Select1stISB_ESt4lessIvESaISB_EE4findERS7_
FNDA:0,_ZNKSt8_Rb_treeINSt7__cxx1112basic_stringIcSt11char_traitsIcESaIcEEESt4pairIKS5_N7testing8internal12CodeLocationEESt10_Select1stISB_ESt4lessIvESaISB_EE4findERS7_
DA:146,2
DA:150,2
DA:173,2
DA:174,2
DA:175,2
DA:176,2
DA:177,2
DA:206,2
DA:208,2
DA:209,2
DA:210,2
DA:211,2
DA:212,2
DA:234,0
DA:235,0
DA:234,0
DA:235,0
DA:234,0
DA:235,0
DA:238,0
DA:239,0
DA:238,0
DA:239,0
DA:238,0
DA:239,0
DA:238,0
DA:239,0
DA:273,0
DA:274,0
DA:273,2
DA:274,2
DA:273,0
DA:274,0
DA:273,0
DA:274,0
DA:277,0
DA:278,0
DA:277,0
DA:278,0
DA:281,0
DA:282,0
DA:281,0
DA:282,0
DA:285,0
DA:287,0
DA:288,0
DA:285,0
DA:287,0
DA:288,0
DA:300,0
DA:302,0
DA:303,0
DA:300,0
DA:302,0
DA:303,0
DA:300,0
DA:302,0
DA:303,0
DA:315,0
DA:316,0
DA:315,0
DA:316,0
DA:315,0
DA:316,0
DA:320,0
DA:321,0
DA:320,1
DA:321,1
DA:347,0
DA:348,0
DA:347,0
DA:348,0
DA:350,0
DA:351,0
DA:350,0
DA:351,0
DA:350,0
DA:351,0
DA:354,0
DA:355,0
DA:362,0
DA:363,0
DA:366,0
DA:368,0
DA:369,0
DA:396,0
DA:397,0
DA:396,0
DA:397,0
DA:401,0
DA:402,0
DA:401,0
DA:402,0
DA:523,0
DA:524,0
DA:528,0
DA:529,0
DA:528,0
DA:529,0
DA:547,0
DA:548,0
DA:547,0
DA:548,0
DA:547,0
DA:548,0
DA:560,0
DA:561,0
DA:560,0
DA:561,0
DA:560,0
DA:561,0
DA:564,0
DA:565,0
DA:564,0
DA:565,0
DA:564,0
DA:565,0
DA:590,0
DA:594,0
DA:595,0
DA:605,0
DA:590,0
DA:594,0
DA:595,0
DA:599,0
DA:601,0
DA:602,0
DA:603,0
DA:605,0
DA:590,0
DA:594,0
DA:595,0
DA:599,0
DA:601,0
DA:602,0
DA:603,0
DA:605,0
DA:590,0
DA:594,0
DA:595,0
DA:599,0
DA:601,0
DA:602,0
DA:603,0
DA:605,0
DA:609,0
DA:611,0
DA:612,0
DA:613,0
DA:609,0
DA:611,0
DA:612,0
DA:613,0
DA:609,0
DA:611,0
DA:612,0
DA:613,0
DA:609,0
DA:611,0
DA:612,0
DA:613,0
DA:618,0
DA:623,0
DA:624,0
DA:626,0
DA:618,0
DA:623,0
DA:624,0
DA:626,0
DA:618,0
DA:623,0
DA:624,0
DA:626,0
DA:629,0
DA:631,0
DA:632,0
DA:633,0
DA:629,0
DA:631,0
DA:632,0
DA:633,0
DA:629,0
DA:631,0
DA:632,0
DA:633,0
DA:667,1
DA:671,1
DA:672,1
DA:667,0
DA:671,0
DA:672,0
DA:667,1
DA:671,1
DA:672,1
DA:718,0
DA:719,0
DA:726,0
DA:727,0
DA:734,1
DA:735,1
DA:734,0
DA:735,0
DA:734,1
DA:735,1
DA:738,1
DA:739,1
DA:738,0
DA:739,0
DA:738,1
DA:739,1
DA:742,0
DA:745,0
DA:742,0
DA:745,0
DA:749,0
DA:750,0
DA:749,0
DA:750,0
DA:749,0
DA:750,0
DA:753,0
DA:754,0
DA:753,0
DA:754,0
DA:757,0
DA:775,0
DA:757,0
DA:775,0
DA:757,0
DA:775,0
DA:757,0
DA:775,0
DA:779,0
DA:780,0
DA:779,0
DA:780,0
DA:779,0
DA:780,0
DA:783,0
DA:784,0
DA:783,0
DA:784,0
DA:787,0
DA:788,0
DA:787,0
DA:788,0
DA:787,0
DA:788,0
DA:791,0
DA:792,0
DA:791,0
DA:792,0
DA:795,0
DA:796,0
DA:795,0
DA:796,0
DA:795,0
DA:796,0
DA:795,0
DA:796,0
DA:928,1
DA:928,0
DA:928,1
DA:983,1
DA:984,1
DA:983,0
DA:984,0
DA:983,1
DA:984,1
DA:991,0
DA:992,0
DA:995,0
DA:996,0
DA:995,0
DA:996,0
DA:995,1
DA:996,1
DA:995,0
DA:996,0
DA:1003,0
DA:1004,0
DA:1003,1
DA:1004,1
DA:1003,0
DA:1004,0
DA:1007,0
DA:1008,0
DA:1007,0
DA:1008,0
DA:1031,0
DA:1032,0
DA:1269,0
DA:1270,0
DA:1771,0
DA:1780,0
DA:1781,0
DA:1784,0
DA:1786,0
DA:1787,0
DA:1788,0
DA:1789,0
DA:1771,0
DA:1780,0
DA:1781,0
DA:1784,0
DA:1786,0
DA:1787,0
DA:1788,0
DA:1789,0
DA:1883,1
DA:1887,1
DA:1889,0
DA:1890,0
DA:1891,0
DA:1892,0
DA:1894,1
DA:1883,0
DA:1887,0
DA:1889,0
DA:1890,0
DA:1891,0
DA:1892,0
DA:1894,0
DA:1883,1
DA:1887,1
DA:1889,0
DA:1890,0
DA:1891,0
DA:1892,0
DA:1894,1
DA:1900,0
DA:1904,0
DA:1905,0
DA:1906,0
DA:1908,0
DA:1909,0
DA:1900,0
DA:1904,0
DA:1905,0
DA:1906,0
DA:1908,0
DA:1909,0
DA:1916,0
DA:1920,0
DA:1921,0
DA:1922,0
DA:1924,0
DA:1925,0
DA:1916,0
DA:1920,0
DA:1921,0
DA:1922,0
DA:1924,0
DA:1925,0
DA:2061,0
DA:2065,0
DA:2066,0
DA:2067,0
DA:2068,0
DA:2070,0
DA:2071,0
DA:2072,0
DA:2074,0
DA:2075,0
DA:2077,0
DA:2078,0
DA:2080,0
DA:2082,0
DA:2083,0
DA:2084,0
DA:2061,0
DA:2065,0
DA:2066,0
DA:2067,0
DA:2068,0
DA:2070,0
DA:2071,0
DA:2072,0
DA:2074,0
DA:2075,0
DA:2077,0
DA:2078,0
DA:2080,0
DA:2082,0
DA:2083,0
DA:2084,0
DA:2061,0
DA:2065,0
DA:2066,0
DA:2067,0
DA:2068,0
DA:2070,0
DA:2071,0
DA:2072,0
DA:2074,0
DA:2075,0
DA:2077,0
DA:2078,0
DA:2080,0
DA:2082,0
DA:2083,0
DA:2084,0
DA:2115,0
DA:2124,0
DA:2126,0
DA:2128,0
DA:2129,0
DA:2131,0
DA:2134,0
DA:2115,0
DA:2124,0
DA:2126,0
DA:2128,0
DA:2129,0
DA:2131,0
DA:2134,0
DA:2163,0
DA:2167,0
DA:2171,0
DA:2173,0
DA:2174,0
DA:2175,0
DA:2177,0
DA:2179,0
DA:2182,0
DA:2183,0
DA:2184,0
DA:2185,0
DA:2187,0
DA:2188,0
DA:2190,0
DA:2193,0
DA:2195,0
DA:2198,0
DA:2199,0
DA:2200,0
DA:2201,0
DA:2203,0
DA:2204,0
DA:2206,0
DA:2209,0
DA:2213,0
DA:2330,0
DA:2333,0
DA:2334,0
DA:2337,0
DA:2338,0
DA:2339,0
DA:2340,0
DA:2330,0
DA:2333,0
DA:2334,0
DA:2337,0
DA:2338,0
DA:2339,0
DA:2340,0
DA:2381,0
DA:2384,0
DA:2389,0
DA:2390,0
DA:2391,0
DA:2393,0
DA:2394,0
DA:2396,0
DA:2398,0
DA:2399,0
DA:2428,0
DA:2431,0
DA:2435,0
DA:2437,0
DA:2438,0
DA:2440,0
DA:2441,0
DA:2443,0
DA:2445,0
DA:2446,0
DA:2520,0
DA:2523,0
DA:2524,0
DA:2525,0
DA:2526,0
DA:2520,0
DA:2523,0
DA:2524,0
DA:2525,0
DA:2526,0
DA:2533,0
DA:2536,0
DA:2537,0
DA:2538,0
DA:2539,0
DA:2533,0
DA:2536,0
DA:2537,0
DA:2538,0
DA:2539,0
end_of_record
SF:/mnt/d/desktop/ringbuffer/build/_deps/googletest-src/googletest/include/gtest/internal/gtest-death-test-internal.h
FN:112,_ZN7testing8internal9DeathTestD0Ev
FNDA:0,_ZN7testing8internal9DeathTestD0Ev
FN:112,_ZN7testing8internal9DeathTestD2Ev
FNDA:0,_ZN7testing8internal9DeathTestD2Ev
FN:177,_ZN7testing8internal16DeathTestFactoryD0Ev
FNDA:0,_ZN7testing8internal16DeathTestFactoryD0Ev
FN:177,_ZN7testing8internal16DeathTestFactoryD2Ev
FNDA:1,_ZN7testing8internal16DeathTestFactoryD2Ev
FN:273,_ZN7testing8internal24InternalRunDeathTestFlagC2ERKNSt7__cxx1112basic_stringIcSt11char_traitsIcESaIcEEEiii
FNDA:0,_ZN7testing8internal24InternalRunDeathTestFlagC2ERKNSt7__cxx1112basic_stringIcSt11char_traitsIcESaIcEEEiii
FN:277,_ZN7testing8internal24InternalRunDeathTestFlagD2Ev
FNDA:0,_ZN7testing8internal24InternalRunDeathTestFlagD2Ev
FN:281,_ZNK7testing8internal24InternalRunDeathTestFlag4fileB5cxx11Ev
FNDA:0,_ZNK7testing8internal24InternalRunDeathTestFlag4fileB5cxx11Ev
FN:282,_ZNK7testing8internal24InternalRunDeathTestFlag4lineEv
FNDA:0,_ZNK7testing8internal24InternalRunDeathTestFlag4lineEv
FN:283,_ZNK7testing8internal24InternalRunDeathTestFlag5indexEv
FNDA:0,_ZNK7testing8internal24InternalRunDeathTestFlag5indexEv
FN:284,_ZNK7testing8internal24InternalRunDeathTestFlag8write_fdEv
FNDA:0,_ZNK7testing8internal24InternalRunDeathTestFlag8write_fdEv
DA:112,0
DA:112,0
DA:177,0
DA:177,1
DA:273,0
DA:275,0
DA:277,0
DA:278,0
DA:279,0
DA:281,0
DA:282,0
DA:283,0
DA:284,0
end_of_record
SF:/mnt/d/desktop/ringbuffer/build/_deps/googletest-src/googletest/include/gtest/internal/gtest-param-util.h
FN:693,_ZN7testing8internal30ParameterizedTestSuiteRegistryC2Ev
FNDA:1,_ZN7testing8internal30ParameterizedTestSuiteRegistryC2Ev
FN:694,_ZN7testing8internal30ParameterizedTestSuiteRegistryD2Ev
FNDA:1,_ZN7testing8internal30ParameterizedTestSuiteRegistryD2Ev
FN:734,_ZN7testing8internal30ParameterizedTestSuiteRegistry13RegisterTestsEv
FNDA:1,_ZN7testing8internal30ParameterizedTestSuiteRegistry13RegisterTestsEv
FN:780,_ZN7testing8internal34TypeParameterizedTestSuiteRegistry30TypeParameterizedTestSuiteInfoC2ENS0_12CodeLocationE
FNDA:0,_ZN7testing8internal34TypeParameterizedTestSuiteRegistry30TypeParameterizedTestSuiteInfoC2ENS0_12CodeLocationE
DA:693,1
DA:694,1
DA:695,1
DA:696,0
DA:698,1
DA:734,1
DA:735,1
DA:736,0
DA:738,1
DA:780,0
DA:781,0
end_of_record
TN:
SF:/mnt/d/desktop/ringbuffer/build/_deps/googletest-src/googletest/src/gtest_main.cc
FN:61,main
FNDA:1,main
DA:61,1
DA:62,1
DA:63,1
DA:64,1
end_of_record
SF:/mnt/d/desktop/ringbuffer/build/_deps/googletest-src/googletest/include/gtest/gtest.h
FN:2337,_Z13RUN_ALL_TESTSv
FNDA:1,_Z13RUN_ALL_TESTSv
DA:2337,1
end_of_record
SF:/usr/include/c++/11/iostream
end_of_record
